# callgrind format
version: 1
creator: callgrind-3.19.0
pid: 2059946
cmd:  ./test
part: 1


desc: I1 cache: 
desc: D1 cache: 
desc: LL cache: 

desc: Timerange: Basic block 0 - 34023
desc: Trigger: Program termination

positions: line
events: Ir
summary: 151349


ob=(5) /home/ruslan/mod/hashtable-linux-kernel/test
fl=(168) /home/ruslan/mod/hashtable-linux-kernel/hashtable.c
fn=(628) ht_create
16 4
+1 2
-1 8
+1 4
cfi=(169) /home/ruslan/mod/hashtable-linux-kernel/../test_util.h
cfn=(630) malloc
calls=2 +63 
* 3421
+1 4
+3 6
-1 2
+1 10
cfi=(169)
cfn=(630)
calls=2 +59 
* 2023
* 4
+1 4
+5 4
fi=(178) /home/ruslan/mod/hashtable-linux-kernel/hashtable.h
279 4
+1 6
cob=(3) /usr/lib/x86_64-linux-gnu/libc.so.6
cfi=(180) ./string/../sysdeps/x86_64/multiarch/memset-vec-unaligned-erms.S
cfn=(674) __memset_sse2_unaligned
calls=2 141 
* 100
cob=(1) /usr/lib/x86_64-linux-gnu/ld-linux-x86-64.so.2
cfi=(128) ./elf/../sysdeps/x86_64/dl-trampoline.h
cfn=(452) _dl_runtime_resolve_xsave
calls=1 76 
* 691
* 6
fe=(168)
29 14

fl=(169)
fn=(630)
80 6
+5 6
-5 6
+5 6
-4 6
+4 6
cob=(3)
cfi=(170) ./dlfcn/./dlfcn/dlsym.c
cfn=(636) dlsym@@GLIBC_2.34
calls=6 -21 
* 5848
cob=(1)
cfi=(128)
cfn=(452)
calls=1 -9 
* 669
* 10
+1 6
+1 6
-1 6
cob=(3)
cfi=(154) ./malloc/./malloc/malloc.c
cfn=(566) malloc
calls=6 3281 
* 901

fl=(187) /home/ruslan/mod/hashtable-linux-kernel/assoc_array.c
fn=(748) array_del
116 2
-1 1
+2 3
cfn=(738) array_get_by_key
calls=1 -45 
* 69
* 1
+2 2
fi=(183) /home/ruslan/mod/hashtable-linux-kernel/list.h
627 1
+1 1
fi=(185) /home/ruslan/mod/hashtable-linux-kernel/compiler.h
164 1
fi=(183)
631 2
107 2
638 2
89 1
fi=(185)
+75 1
fi=(183)
-56 1
fe=(187)
+15 1
cfi=(144) /home/ruslan/mod/hashtable-linux-kernel/test.c
cfn=(752) free_string_entry
calls=1 13 
* 805

fn=(738)
72 10
+1 8
fi=(182) /home/ruslan/mod/hashtable-linux-kernel/hash.h
307 6
-2 4
+3 4
+5 4
+2 2
+2 2
-1 2
-1 2
-8 4
68 2
fe=(187)
+8 8
fi=(178)
+4 2
fe=(187)
+2 12
+3 4
-3 2
+3 4
cob=(3)
cfi=(188) ./string/../sysdeps/x86_64/multiarch/memcmp-sse2.S
cfn=(746) __memcmp_sse2
calls=2 -14 
* 36
cob=(1)
cfi=(128)
cfn=(452)
calls=1 -9 
* 681
* 6
* 4
+5 14

fn=(724) array_create
44 2
+2 1
-2 6
+2 2
cfi=(169)
cfn=(630)
calls=1 +34 
* 1019
+1 3
+6 2
cfi=(168)
cfn=(628)
calls=1 -37 
* 1963
* 1
+1 2
+7 1
+5 1
-2 1
-3 1
+5 2
+1 3
fi=(183)
-40 1
fe=(187)
+39 1
+1 1
fi=(183)
-40 1
fe=(187)
+43 7

fn=(728) array_add
93 2
+1 1
-2 4
+2 1
-2 5
+2 1
cfi=(169)
cfn=(630)
calls=1 -14 
* 1019
* 1
+1 2
+5 6
cfi=(144)
cfn=(730) fill_entry
calls=1 -58 
* 1042
* 1
+1 2
fi=(182)
305 1
+2 2
+1 2
+5 2
+2 1
+2 1
-1 1
-1 1
-8 2
68 1
fe=(187)
+40 4
fi=(178)
-28 1
fe=(187)
+28 3
fi=(183)
652 1
+1 1
+1 2
+2 1
fe=(187)
109 2
fi=(183)
657 1
77 1
-35 1
fe=(187)
+67 1
fi=(183)
-65 1
+1 1
fe=(187)
+65 1
+3 7

fl=(144)
fn=(722) test_assoc_array_basic
51 1
+1 3
-1 1
+1 3
-1 3
+1 1
cob=(3)
cfi=(145) ./stdio-common/./stdio-common/printf.c
cfn=(540) printf
calls=1 -24 
* 1668
* 1
+1 4
cfi=(187)
cfn=(724)
calls=1 -9 
* 3021
+1 2
fi=(169)
+31 2
-4 2
+4 1
cob=(3)
cfi=(170)
cfn=(636)
calls=1 -21 
* 834
* 1
+1 2
cob=(3)
cfi=(154)
cfn=(566)
calls=1 3281 
* 41
fe=(144)
-30 1
fi=(169)
+30 1
fe=(144)
-30 1
cob=(3)
cfi=(181) ./string/./string/strdup.c
cfn=(684) strdup
calls=1 -16 
* 86
* 1
* 1
+1 1
-1 1
+1 1
cob=(3)
cfi=(163) ./string/../sysdeps/x86_64/multiarch/strlen-sse2.S
cfn=(604) __strlen_sse2
calls=1 +44 
* 16
* 1
+1 3
-1 1
+1 3
cfi=(187)
cfn=(728)
calls=1 +35 
* 2130
* 2
+1 4
cfi=(187)
cfn=(738)
calls=1 +13 
* 754
+1 4
+1 4
cfi=(187)
cfn=(748)
calls=1 +55 
* 896

fn=(752)
13 2
fi=(169)
+96 1
fe=(144)
-96 1
+2 1
fi=(169)
+94 1
fe=(144)
-96 1
fi=(169)
+96 1
-1 1
+1 1
cob=(3)
cfi=(170)
cfn=(636)
calls=1 -45 
* 790
* 1
+1 2
cob=(3)
cfi=(154)
cfn=(704) free
calls=1 3350 
* 2
fe=(144)

fn=(532) test_hashtable_basic
19 1
+1 3
-1 1
+1 2
-1 5
+1 1
cob=(3)
cfi=(145)
cfn=(540)
calls=1 +8 
* 3824
cob=(1)
cfi=(128)
cfn=(452)
calls=1 +56 
* 704
* 5
+1 2
cfi=(168)
cfn=(628)
calls=1 -5 
* 4354
+1 2
fi=(169)
+63 2
-4 2
+4 1
cob=(3)
cfi=(170)
cfn=(636)
calls=1 -21 
* 834
* 1
+1 2
cob=(3)
cfi=(154)
cfn=(566)
calls=1 3281 
* 175
fe=(144)
-62 1
fi=(169)
+62 1
fe=(144)
-62 1
cob=(3)
cfi=(181)
cfn=(684)
calls=1 +16 
* 218
cob=(1)
cfi=(128)
cfn=(452)
calls=1 +52 
* 694
* 5
* 1
+1 1
-1 1
+1 1
cob=(3)
cfi=(163)
cfn=(604)
calls=1 +76 
* 16
cob=(1)
cfi=(128)
cfn=(452)
calls=1 +51 
* 718
* 5
* 1
fi=(182)
263 2
+11 6
+5 6
+1 6
+1 5
fe=(144)
26 4
fi=(178)
+54 2
fe=(144)
-54 3
fi=(183)
652 2
+1 1
+1 2
+2 1
fe=(144)
31 1
fi=(183)
656 1
fe=(144)
31 1
fi=(183)
657 1
fe=(144)
31 3
+2 2
-1 3
cob=(3)
cfi=(184) ./string/../sysdeps/x86_64/multiarch/strcmp-sse4_2.S
cfn=(700) __strcmp_sse42
calls=1 144 
* 22
cob=(1)
cfi=(128)
cfn=(452)
calls=1 +44 
* 695
* 5
-1 1
+2 2
-2 2
+4 2
fi=(185)
164 3
fi=(183)
631 2
-20 1
fe=(144)
15 1
fi=(169)
+94 2
fi=(183)
611 1
fi=(169)
109 1
-1 1
+1 1
cob=(3)
cfi=(170)
cfn=(636)
calls=1 -45 
* 790
* 1
+1 2
cob=(3)
cfi=(154)
cfn=(704)
calls=1 3350 
* 88
-1 2
-1 1
+1 1
cob=(3)
cfi=(170)
cfn=(636)
calls=1 -45 
* 790
* 1
+1 2
cob=(3)
cfi=(154)
cfn=(704)
calls=1 3350 
* 88
fe=(144)
-72 584
fi=(169)
+71 2
-1 1
+1 1
cob=(3)
cfi=(170)
cfn=(636)
calls=1 -45 
* 790
* 1
+1 2
cob=(3)
cfi=(154)
cfn=(704)
calls=1 3350 
* 88
-2 1
+1 3
cob=(3)
cfi=(170)
cfn=(636)
calls=1 -45 
* 790
* 1
+1 2
cob=(3)
cfi=(154)
cfn=(704)
calls=1 3350 
* 88
fe=(144)
-70 1
-1 1
+1 6
-1 1
cob=(3)
cfi=(186) ./libio/./libio/ioputs.c
cfn=(714) puts
calls=1 -6 
* 501
cob=(1)
cfi=(128)
cfn=(452)
calls=1 +37 
* 676
* 5
fi=(182)
263 1
-2 2
fe=(144)

fn=(730)
42 4
fi=(169)
+43 1
fe=(144)
-43 4
fi=(169)
+43 1
fe=(144)
-43 1
+1 1
fi=(169)
+38 1
+4 1
cob=(3)
cfi=(170)
cfn=(636)
calls=1 -21 
* 834
* 1
+1 2
cob=(3)
cfi=(154)
cfn=(566)
calls=1 3281 
* 170
fe=(144)
-43 1
+1 2
+1 4
+1 1
+2 1
-1 1
+2 6
-4 5

fn=(530) main
67 1
+1 2
-1 1
+1 2
-1 1
+1 4
+3 2
+4 1
fi=(169)
-17 1
cfi=(144)
cfn=(532)
calls=1 -39 
* 17693
* 1
cfi=(144)
cfn=(722)
calls=1 -7 
* 9503
fe=(144)

fl=(137) ???
fn=(496) (below main)
0 11
cob=(3)
cfi=(138) ./csu/../csu/libc-start.c
cfn=(498) __libc_start_main@@GLIBC_2.34
calls=1 242 
0 28238

fn=(510) 0x00000000000012a0
0 12

ob=(4) /usr/libexec/valgrind/vgpreload_core-amd64-linux.so
fl=(132) ???
fn=(478) 0x0000000000001100
0 12

ob=(1)
fl=(54) ./elf/./elf/dl-misc.c
fn=(230) _dl_sysdep_read_whole_file
36 1
+3 1
-3 5
+3 1
-3 2
+3 1
cfi=(55) ./io/../sysdeps/unix/sysv/linux/open64_nocancel.c
cfn=(188) __open_nocancel
calls=1 -8 
* 16
+1 2
+23 7
-21 4
cfi=(58) ./io/../sysdeps/unix/sysv/linux/fstat64.c
cfn=(198) fstat
calls=1 -13 
* 13
* 2
+2 2
+3 2
+13 2
cfi=(64) ./io/../sysdeps/unix/sysv/linux/close_nocancel.c
cfn=(212) __GI___close_nocancel
calls=1 -34 
* 5
* 1
-11 6
cfi=(60) ./misc/../sysdeps/unix/sysv/linux/mmap64.c
cfn=(202) mmap
calls=1 -2 
* 8
* 2

fn=(184) _dl_name_match_p
68 70
+1 28
cfi=(33) ./string/../sysdeps/x86_64/multiarch/../multiarch/strcmp-sse2.S
cfn=(98) strcmp
calls=14 +62 
* 336
* 28
+3 14
+2 28
+6 15
-6 30
+1 54
cfi=(33)
cfn=(98)
calls=18 +56 
* 554
* 36
+8 3
-13 3
+13 20
-1 11
+1 33

fl=(47) ./elf/../elf/dl-tls.c
fn=(406) _dl_add_to_slotinfo
1016 7
+6 1
+3 1
+1 1
+4 3
+34 2
+3 3
+1 3
+3 6

fn=(268) _dl_determine_tlsoffset
222 7
+6 3
+3 2
+36 3
+2 1
-2 1
-2 1
-40 1
-1 1
-1 1
+46 2
+23 3
+3 1
-3 5
+2 2
-2 1
-25 1
+20 1
-20 5
+2 2
+3 1
-1 1
+5 2
-5 1
+1 1
-1 1
+3 2
+2 3
+32 2
-1 1
+53 1
-52 5
+2 2
+51 8

fn=(272) allocate_dtv
366 1
fi=(29) ./elf/../include/rtld-malloc.h
44 1
fe=(47)
366 3
+5 1
+4 1
+1 1
fi=(29)
44 1
cfi=(28) ./elf/./elf/dl-minimal-malloc.c
cfn=(78) __minimal_calloc
calls=1 +38 
* 34
fe=(47)
377 2
+3 1
+6 3
+6 4

fn=(408) _dl_allocate_tls_init
529 9
+1 2
+4 1
+6 1
-6 1
+6 1
cfi=(25) ./elf/../sysdeps/nptl/dl-tls_init_tp.c
cfn=(92) rtld_mutex_dummy
calls=1 44 
* 2
+3 3
+12 1
-18 1
+42 3
-19 12
+9 3
+1 2
+6 3
+3 1
-2 1
+2 1
-2 1
+2 4
+4 1
-4 1
+4 1
-1 2
+4 2
+1 4
+2 2
+1 2
+17 1
-8 1
+8 1
+2 3
cfi=(30) ./string/../sysdeps/x86_64/multiarch/memmove-vec-unaligned-erms.S
cfn=(134) mempcpy
calls=1 206 
* 12
* 5
cfi=(44) ./string/../sysdeps/x86_64/multiarch/../multiarch/memset-vec-unaligned-erms.S
cfn=(138) memset
calls=1 141 
* 24
+6 1
-55 4
+6 5
+55 2
cfi=(25)
cfn=(92)
calls=1 44 
* 2
+3 2
+3 9

fn=(244) _dl_assign_tls_modid
131 1
+3 1
+13 1
-13 1
+53 1
+2 1
+3 1
+1 2

fn=(156) _dl_count_modids
200 2
+1 1
+15 2

fn=(270) _dl_allocate_tls_storage
423 1
+2 1
-2 1
+13 1
-13 1
+14 1
fi=(29)
56 1
cfi=(28)
cfn=(82) __minimal_malloc
calls=1 -21 
* 51
fe=(47)
438 2
+8 5
+5 1
-5 1
+1 1
+4 304
+19 1
+2 2
cfn=(272)
calls=1 366 
* 53
+1 2
+3 4

fn=(266) _dl_tls_static_surplus_init
97 1
+4 1
-4 2
+4 1
-4 2
+4 3
cfi=(11) ./elf/./elf/dl-tunables.c
cfn=(28) __tunable_get_val
calls=1 408 
* 20
* 1
+1 4
cfi=(11)
cfn=(28)
calls=1 408 
* 20
+6 1
+2 1
-8 1
+6 2
+2 3
+3 1
+2 1
-32 3
+34 3
+1 5

fl=(120) ./elf/../sysdeps/nptl/dl-mutex.c
fn=(426) __rtld_mutex_init
30 1
+10 3
-10 1
+10 1
-10 1
+7 1
+3 3
cfi=(121) ./elf/./elf/dl-lookup-direct.c
cfn=(428) _dl_lookup_direct
calls=1 +34 
* 200
+4 2
+1 8
+2 3
-2 1
+2 3
cfi=(121)
cfn=(428)
calls=1 +27 
* 215
+4 2
+1 6
+1 2
-1 1
+1 2

fl=(28)
fn=(152) __minimal_free
97 4

fn=(82)
35 96
+1 72
+11 69
+3 23
-3 23
+3 46
-3 2
+3 1
-3 1
+3 90
+18 24
+1 24
+2 96
-16 8
+1 4
+2 2
+1 14
cfi=(60)
cfn=(202)
calls=2 -12 
* 16
* 2
+2 4
+2 4
+2 2
+4 2
-4 4
-23 1
-1 1
+1 1
+1 2
-2 2

fn=(78)
82 8
-4 32
+7 8
+1 24
fi=(29)
-30 8
cfi=(28)
cfn=(82)
calls=8 -21 
* 225
fe=(28)

fl=(53) ./setjmp/../sysdeps/x86_64/setjmp.S
fn=(178) __sigsetjmp
32 3
+9 3
+1 6
+1 3
+4 3
+1 3
+1 3
+1 3
+1 3
+2 6
+2 3
+1 3
+3 6
+2 3
+19 3
+1 3

fl=(23) ./string/../sysdeps/x86_64/multiarch/../multiarch/strlen-sse2.S
fn=(66) strlen
101 16
+1 16
+1 16
+1 16
+1 16
+1 16
+1 16
+2 16
+2 16
+31 15
+1 15
+1 15
+1 15
+1 15
+1 9
+2 9
+4 6
+1 6
+1 6
+1 6
+1 6
+1 6
+1 6
+1 6
+1 6
+1 6
+1 6
+1 6
+5 48
+4 1
+1 14
+1 8

fl=(42) ./string/../sysdeps/x86_64/multiarch/../multiarch/strchr-sse2.S
fn=(124) index
33 15
+1 15
+1 15
+1 15
+1 15
+1 15
+1 15
+1 15
+1 15
+1 15
+1 15
+1 15
+1 15
+1 15
+1 15
+1 15
+1 15
+1 13
+4 13
+1 13
+1 13
+1 13
+2 13
+4 2
+1 2
+1 2
+1 2
+1 2
+1 2
+1 2
+1 2
+1 2
+1 2
+1 2
+1 2
+1 2
+1 2
+1 2
+1 2
+1 2
+1 2
+1 2
+1 2
+1 2
+1 2
+1 2
+1 2
+52 2
+4 2
+1 2
+1 2
+1 2
+2 2

fl=(46) ./elf/./elf/dl-debug.c
fn=(194) _dl_debug_update
41 3
-1 6
+4 6
+4 3

fn=(160) _dl_debug_state
117 2

fn=(154) _dl_debug_initialize
56 1
+3 2
+4 1
+22 1
+10 1
-32 2
+1 1
+21 2
+5 2
+1 1
+4 1
-4 1
-1 1
+2 1
+3 1
+4 2
+8 2
-50 3
+39 6

fl=(121)
fn=(430) check_match
31 21
+1 3
-1 6
+1 9
+1 9
+2 6
+1 6
+12 9
+3 6
+2 9
cfi=(33)
cfn=(98)
calls=3 +78 
* 202
* 6
+4 6
+1 18
+1 9
cfi=(33)
cfn=(98)
calls=3 +72 
* 118
+5 6
-24 6
+24 6
-24 3
+24 9

fn=(428)
74 27
+4 3
-4 3
+1 3
-1 3
+2 6
+2 9
+37 3
-37 9
+1 6
+2 9
+3 25
+2 3
+1 9
-1 3
+1 3
-1 3
+1 3
cfn=(430)
calls=3 -56 
* 473
* 3
+3 6
+3 6
+23 27

fl=(56) ./io/../sysdeps/unix/sysv/linux/read_nocancel.c
fn=(190) __read_nocancel
26 8
+1 2

fl=(55)
fn=(188)
31 12
-3 12
+3 72
+8 84
+2 3
-2 27
+2 9

fl=(11)
fn=(60) do_tunable_update_val
99 5
+3 15
fi=(22) ./elf/./dl-tunable-types.h
-12 5
fe=(11)
+21 5
+1 5
fi=(22)
-22 5
fe=(11)
+22 15
+1 25
fi=(12) ./elf/./elf/dl-tunables.h
+8 10
fe=(11)
+13 5
+1 5
+1 5
+1 5
+1 5
fi=(12)
-16 5
fe=(11)
-6 10
fi=(12)
+15 5
fe=(11)
-12 15
+4 20
+7 10
+1 10

fn=(22) __GI___tunables_init
282 8
-9 3
+34 5
71 225
+6 44
-3 44
+3 3820
357 8
81 88
+5 132
fi=(12)
+54 44
fe=(11)
-54 44
fi=(12)
+54 44
+1 110
-1 110
+1 110
fe=(11)
323 176
-18 6512
+6 8932
fi=(12)
140 792
+1 792
-1 90
+1 360
-1 450
fe=(11)
+12 88

fn=(58) __GI___tunable_set_val
158 30
+2 5
cfn=(60)
calls=5 -61 
* 190

fn=(28)
408 217
+9 31
-9 122
+9 10
+17 155
+2 31
-9 21
+1 21

fl=(50) ./string/../string/strcspn.c
fn=(166) strcspn
32 3
+1 3
+1 2
+5 6
+1 4
+1 4
+1 4
+2 1
+3 3
+1 2
-1 6
+1 4
+3 4
+1 4
+1 4
+1 4
+2 3
+6 1
-1 1
+1 1
+2 2
-1 2
+2 1
+2 6
-5 12
-1 12
+1 12
+2 24
-1 24
+2 12
+2 72
+2 1
+1 4
+1 3

fl=(1) ???
fn=(0) 0x000000000001aa50
0 2
cfi=(2) ./elf/./elf/rtld.c
cfn=(2) _dl_start
calls=1 520 
0 122709
0 10
cfi=(131) ./elf/./elf/dl-init.c
cfn=(470) _dl_init
calls=1 81 
0 376
0 3
cob=(5)
cfi=(137)
cfn=(496)
calls=1 0 
0 28249

fl=(131)
fn=(472) call_init
29 10
-2 40
+8 20
+2 10
+6 4
+3 4
-3 8
+3 8
+5 6
+8 9
+1 6
cob=(2) ???
cfi=(51) ???
cfn=(474) 0x0000000004837000
calls=1 -60 
* 6
+3 3
+1 6
+6 4
+2 4
-2 2
+3 13
+1 4
cob=(3)
cfi=(136) ./libio/./libio/vtables.c
cfn=(492) check_stdfiles_vtables
calls=1 +10 
* 11
* 8
cob=(3)
cfi=(133) ./csu/./csu/init-first.c
cfn=(484) _init_first
calls=1 -28 
* 66
cob=(4)
cfi=(132)
cfn=(478)
calls=1 -74 
* 12
-1 9
+3 30
-29 2

fn=(470)
81 11
+1 1
+1 1
+3 3
+8 2
+25 1
+1 5
+1 5
-1 1
+1 1
cfn=(472)
calls=1 -92 
* 36
* 15
-1 3
+1 3
cfn=(472)
calls=3 -92 
* 191
-1 8
+7 8
-39 1
cfn=(472)
calls=1 -59 
* 78
+1 2

fl=(19) ./elf/../sysdeps/x86/get-isa-level.h
fn=(114) _dl_hwcaps_subdirs_active
31 1
fi=(39) ./elf/../sysdeps/x86_64/dl-hwcaps-subdirs.c
+7 1
fe=(19)
-7 2
-1 2
fi=(39)
+22 1
fe=(19)
-20 3
+4 1
fi=(39)
+2 1
fe=(19)
-2 2
+3 4
+1 4
+5 1
fi=(39)
-7 1
fe=(19)
+7 3
fi=(39)
-2 1
fe=(19)
+5 2
+3 5

fl=(33)
fn=(98)
131 180
+1 180
+2 180
+1 180
+21 180
+1 180
+1 157
+1 157
+1 141
+1 141
+1 141
+1 141
+17 141
+1 141
+1 141
+1 141
+1 141
+1 141
+1 141
+5 11
+1 11
+9 11
+1 11
+1 11
+1 11
+1 11
+1 11
+1 11
+1 11
-7 39
+1 39
+1 39
+1 39
+1 39
+1 39
+1 39
+1 39
+1 47
+1 24
+1 24
+1 24
+2 24
+1 24
+1 24
+1 24
+1 24
+1 24
-5 23
+1 23
+1 23
+1 23
+1 23
+1 23
+10 3
+1 3
+1 3
+2 3
+6 3
+1 3
+1 3
+1 3
+1 3
+5 3
+2 3
+1 3
+1 6
+8 3
+1 3
+3 3
+1 3
+1 3
+1 3
+1 3
+1 3
661 1
+1 1
+1 1
+1 1
+1 1
+2 1
+1 1
+1 1
+1 1
+1 1
+1 1
+1 1
+1 1
+4 1
+1 1
+1 1
+6 1
+1 1
+1 2
+4 1
+1 1
+3 1
+1 1
+1 1
+2 1
+1 1
+1 1
+4 1
+1 1
+1 1
+1 1
+1 1
+1 1
+69 2
+1 2
+1 2
+1 2
+1 2
+2 2
+1 2
+1 2
+1 2
+1 2
+1 2
+1 2
+1 1
+4 1
+1 1
+1 1
+6 1
+1 1
+1 2
+4 1
+1 1
+3 1
+1 1
+1 1
+2 1
+1 1
+1 1
+4 1
+1 1
+1 1
+1 1
+1 1
+1 1
1137 3
+1 3
+1 3
+1 3
+1 3
+2 3
+1 3
+1 3
+1 3
+1 3
+1 3
+1 3
1256 11
+1 11
+1 11
+1 11
+1 11
+2 11
+1 11
+1 11
+1 11
+1 11
+1 11
+1 11
+1 10
+4 10
+1 10
+1 10
+6 10
+1 10
+1 20
+4 10
+1 10
+3 10
+1 10
+1 10
+2 10
+1 10
+1 10
+4 10
+1 10
+1 10
+1 10
+1 10
+1 10
+69 15
+1 15
+1 15
+1 15
+1 15
+2 15
+1 15
+1 15
+1 15
+1 15
+1 15
+1 15
+1 14
+4 14
+1 14
+1 14
+6 14
+1 14
+1 28
+4 14
+1 14
+3 14
+1 14
+1 14
+2 14
+1 14
+1 14
+4 14
+1 14
+1 14
+1 14
+1 14
+1 14
+69 2
+1 2
+1 2
+1 2
+1 2
+2 2
+1 2
+1 2
+1 2
+1 2
+1 2
+1 2
1613 5
+1 5
+1 5
+1 5
+1 5
+2 5
+1 5
+1 5
+1 5
+1 5
+1 5
+1 5
+1 4
+4 4
+1 4
+1 4
+6 4
+1 4
+1 8
+4 4
+1 4
+3 4
+1 4
+1 4
+2 4
+1 4
+1 4
+4 4
+1 4
+1 4
+1 4
+1 4
+1 4
+69 3
+1 3
+1 3
+1 3
+1 3
+2 3
+1 3
+1 3
+1 3
+1 3
+1 3
+1 3
+1 1
+4 1
+1 1
+1 1
+6 1
+1 1
+1 2
+4 1
+1 1
+3 1
+1 1
+1 1
+2 1
+1 1
+1 1
+4 1
+1 1
+1 1
+1 1
+1 1
+1 1
+7 1
+1 1
+2 1
+1 1
+2 1
+1 1
+1 1
+2 1
+1 1
+1 1
+4 1
+1 1
+1 1
+1 1
+1 1
+1 1
+41 5
+1 5
+1 5
+1 5
+1 5
+2 5
+1 5
+1 5
+1 5
+1 5
+1 5
+1 5
+1 3
+4 3
+1 3
+1 3
+6 3
+1 3
+1 6
+4 3
+1 3
+3 3
+1 3
+1 3
+2 3
+1 3
+1 3
+4 3
+1 3
+1 3
+1 3
+1 3
+1 3
+7 1
+1 1
+2 1
+1 1
+2 1
+1 1
+1 1
+2 1
+1 1
+1 1
+4 1
+1 1
+1 1
+1 1
+1 1
+1 1
2093 37
+2 37
+1 37
+1 37
+1 37
-3 13
+1 13
+1 13
+1 13
+1 48
+5 24
+6 24
+1 24
+8 24
+1 24
-16 156
+6 156
+1 156
+8 156
+1 156

fn=(262) strncmp
125 1
+1 1
+1 1
+1 1
+1 1
+2 1
+1 1
+2 1
+1 1
+21 1
+1 1
+1 1
+1 1
+1 1
+1 1
+1 1
+1 1
+17 1
+1 1
+1 1
+1 1
+1 1
+1 1
+1 1
2104 1
+3 1
+1 1
+2 1
+1 1
+8 1
+1 1

fl=(59) ./io/../sysdeps/unix/sysv/linux/fstatat64.c
fn=(200) fstatat
154 12
-55 24
+70 28
+1 4
-2 16
+1 16

fl=(7) ./elf/./elf/dl-minimal.c
fn=(142) strsep
242 6
+2 2
+1 4
+4 47
+7 112
-2 56
+13 1
+4 4
-22 14
+11 14
-11 30

fn=(422) lookup_malloc_symbol
61 8
+3 4
-3 16
+3 4
-3 4
+3 8
-1 4
+1 12
cfi=(77) ./elf/./elf/dl-lookup.c
cfn=(286) _dl_lookup_symbol_x
calls=4 756 
* 1971
+4 28
+1 28
+2 4
fi=(119) ./elf/./dl-sym-post.h
-30 8
+12 12
fe=(7)
+19 24

fn=(418) __rtld_malloc_init_real
76 1
+10 1
fi=(118) ./elf/../sysdeps/generic/dl-hash.h
-41 1
fe=(7)
+31 1
fi=(118)
-32 1
fe=(7)
+32 5
+11 1
-1 1
fi=(118)
-43 1
+5 3
+14 4
-17 3
+3 15
+14 20
-17 15
fe=(7)
+46 2
fi=(118)
-24 1
fe=(7)
+22 1
+2 2
fi=(118)
-19 1
fe=(7)
+19 1
cfn=(422)
calls=1 -30 
* 517
+1 3
-1 1
+1 1
cfn=(422)
calls=1 -31 
* 524
+1 3
-1 1
+1 1
cfn=(422)
calls=1 -32 
* 568
+1 3
-1 1
+1 1
cfn=(422)
calls=1 -33 
* 526
+5 1
+1 1
+1 1
+1 1
+1 7

fn=(12) __rtld_malloc_init_stubs
43 2
+1 2
+1 2
+1 2
+1 1

fl=(52) ./elf/./elf/dl-error-skeleton.c
fn=(642) _rtld_catch_error
260 14
cob=(3)
cfi=(173) ./elf/./elf/dl-error-skeleton.c
cfn=(644) _dl_catch_error
calls=14 -35 
* 10242
* 14

fn=(172) _dl_catch_error
225 9
+2 2
cfn=(176) _dl_catch_exception
calls=1 -52 
* 2388
* 1
+1 2
+1 1
+1 1
-1 1
+1 1
+2 5

fn=(176)
175 3
+5 3
-5 9
+5 3
-2 6
+21 3
+7 6
-7 3
+1 6
+3 6
+3 3
cfi=(53)
cfn=(178)
calls=3 32 
* 57
* 6
+2 9
cfi=(66) ./elf/./elf/dl-deps.c
cfn=(220) openaux
calls=2 61 
* 6065
cfi=(2)
cfn=(180) map_doit
calls=1 644 
* 2338
+2 3
-1 3
+1 3
-1 3
+1 6
-25 3
+34 6

fn=(254) _dl_receive_error
238 5
+1 1
+1 1
+3 1
+1 1
+2 1
cfi=(2)
cfn=(256) version_check_doit
calls=1 677 
* 3670
+2 1
+1 1
+1 4

fl=(60)
fn=(202)
47 12
+3 24
+8 48
+2 12

fl=(27) ./elf/./elf/dl-object.c
fn=(90) _dl_add_to_namespace_list
31 3
+2 3
-2 6
+2 3
-2 6
+2 3
cfi=(25)
cfn=(92)
calls=3 +11 
* 6
+2 26
+3 20
+2 2
+2 2
+4 2
+4 2
-4 4
+1 4
+1 2
+3 2
-3 2
+3 4
-1 2
cfi=(25)
cfn=(92)
calls=2 -6 
* 4
-4 1
+4 1
-4 2
+1 2
+1 1
+3 1
-3 1
+3 2
-1 1
cfi=(25)
cfn=(92)
calls=1 -6 
* 2
-5 2

fn=(76) _dl_new_object
59 39
+3 6
+21 2
-3 2
+3 2
cfi=(23)
cfn=(66)
calls=2 +18 
* 50
+4 4
-4 2
+9 2
-9 6
fi=(29)
-39 4
cfi=(28)
cfn=(78)
calls=2 +38 
* 95
fe=(27)
+39 1
fi=(29)
-39 2
cfi=(28)
cfn=(78)
calls=1 +38 
* 40
* 3
fe=(27)
+51 6
+5 3
+4 3
-6 3
+2 3
+4 3
-5 3
+4 3
+1 3
-1 3
+1 6
cfi=(30)
cfn=(86) memcpy
calls=3 219 
* 41
* 6
+2 3
+13 6
+6 1
+2 7
+3 2
-3 14
+3 4
+2 3
+4 3
+3 12
fi=(4) ./elf/../sysdeps/generic/ldsodefs.h
1339 3
fe=(27)
139 2
+2 1
-2 2
fi=(4)
1339 45
fe=(27)
139 30
+2 15
-2 30
+16 6
-5 3
+5 3
-6 3
+30 3
-24 3
-6 3
+6 6
+2 4
+3 4
-3 4
+7 8
+4 4
+8 1
+3 1
+10 3
-10 2
+10 6
+2 2
+21 2
-21 2
cfi=(23)
cfn=(66)
calls=2 -90 
* 68
* 6
+17 2
-13 6
+50 6
cfi=(30)
cfn=(134)
calls=2 -39 
* 32
* 2
+5 4
+1 4
-1 80
+1 80
+2 4
+3 2
+3 2
+4 27
131 6
-8 2
-4 4
+34 1
+7 4
+8 8
fi=(29)
56 4
cfi=(28)
cfn=(82)
calls=2 -21 
* 48
* 2
fe=(27)
200 8
64 2
+2 3
+1 2
+4 6
+6 2

fl=(129) ./elf/./elf/dl-runtime.c
fn=(454) _dl_fixup
46 77
+2 55
+1 11
+6 11
fi=(189) ./elf/../sysdeps/x86_64/dl-runtime.h
-27 11
fe=(129)
+21 11
+5 11
+1 11
-6 11
+6 22
+1 11
+2 11
-2 11
+2 11
-2 55
+7 22
+4 22
+4 33
+4 33
+1 44
+1 33
+8 11
-1 11
+1 22
+10 110
cfi=(77)
cfn=(286)
calls=11 756 
* 6427
* 11
+4 55
+10 110
+15 44
+9 33
+26 33
fi=(5) ./elf/../sysdeps/x86_64/dl-machine.h
+61 11
fe=(129)
-57 66
-1 22
fi=(179) ./elf/../sysdeps/x86_64/dl-irel.h
32 4
cob=(3)
cfi=(102) ./string/../sysdeps/x86_64/multiarch/ifunc-memcmp.h
cfn=(352) bcmp
calls=1 +2 
* 7
cob=(3)
cfi=(85) ./string/../sysdeps/x86_64/multiarch/strcmp.c
cfn=(308) strcmp
calls=1 +16 
* 13
cob=(3)
cfi=(82) ./string/../sysdeps/x86_64/multiarch/ifunc-avx2.h
cfn=(372) strlen
calls=1 +8 
* 9
cob=(3)
cfi=(87) ./string/../sysdeps/x86_64/multiarch/ifunc-memset.h
cfn=(312) memset
calls=1 +22 
* 17
fe=(129)
+93 8

fl=(45) ./string/./string/strdup.c
fn=(148) strdup
40 12
+1 3
cfi=(23)
cfn=(66)
calls=3 +60 
* 84
* 3
fi=(190) ./string/../include/rtld-malloc.h
+15 6
cfi=(28)
cfn=(82)
calls=3 -21 
* 72
fe=(45)
-12 6
+4 3
-1 9
+1 6
-1 3
cfi=(30)
cfn=(86)
calls=3 219 
* 38

fl=(116) ./elf/./elf/dl-find_object.c
fn=(410) _dl_find_object_init
561 3
+3 1
+2 2
+13 1
cfn=(414) _dlfo_process_initial
calls=1 474 
* 78
+1 1
-1 1
+1 1
fi=(29)
56 1
cfi=(28)
cfn=(82)
calls=1 -21 
* 24
fe=(116)
580 1
fi=(29)
56 1
fe=(116)
582 2
+3 2
+5 1
+1 1
cfn=(414)
calls=1 474 
* 259
+3 3
+10 4
-37 2
cfi=(117) ./elf/./dl-find_object.h
cfn=(412) _dl_find_object_from_map
calls=1 95 
* 68
* 1
+29 2
cfn=(416) _dlfo_sort_mappings
calls=1 -59 
* 79
+3 6
+2 1

fn=(414)
474 2
+3 2
-3 2
+1 2
+3 4
+26 14
+1 6
+1 8
-1 16
+3 28
+3 24
-7 8
+25 2
+2 8
-18 18
+3 6
-1 6
cfi=(117)
cfn=(412)
calls=3 95 
* 169
+2 12

fn=(416)
537 2
+3 4
+4 1
+1 1
-1 1
+1 2
-1 1
+1 1
-1 1
+1 6
+1 19
-1 9
+8 6
+1 4
-1 2
-13 4
+14 6
+1 4
-15 4
+17 1

fl=(2)
fn=(264) init_tls
737 3
+2 1
+4 1
-4 1
+4 2
+11 1
fi=(29)
44 1
fe=(2)
749 1
+4 1
fi=(29)
44 1
cfi=(28)
cfn=(78)
calls=1 +38 
* 34
fe=(2)
764 1
-12 1
+6 1
-9 1
+11 1
+4 1
+2 3
-1 2
+3 8
+4 1
+2 1
-2 2
-5 1
-1 2
+1 3
-1 6
+10 3
+3 2
cfi=(47)
cfn=(266)
calls=1 97 
* 76
+3 1
cfi=(47)
cfn=(268)
calls=1 222 
* 75
+7 1
cfi=(47)
cfn=(270)
calls=1 423 
* 434
* 1
+1 2
+6 1
+3 2
-3 1
+3 6
+3 1
cfi=(25)
cfn=(274) __tls_init_tp
calls=1 66 
* 73
+1 1
+3 5

fn=(168) do_preload
810 1
+12 1
-12 5
+10 1
-4 1
+6 2
-5 1
+5 2
-10 1
+6 1
+4 1
cfi=(52)
cfn=(172)
calls=1 225 
* 2411
* 1
+1 3
+8 3
+6 5

fn=(256)
677 2
+2 4
cfi=(74) ./elf/./elf/dl-version.c
cfn=(258) _dl_check_all_versions
calls=1 392 
* 3660
* 2
+4 2

fn=(164) handle_preload_list
875 7
+5 1
-5 1
+5 4
-4 1
+10 2
+7 1
182 1
895 2
182 2
897 2
+1 4
cfn=(168)
calls=1 -88 
* 2440
* 1
-18 2
+3 3
cfi=(50)
cfn=(166)
calls=1 32 
* 251
* 1
+1 3
+2 4
cfi=(30)
cfn=(86)
calls=1 219 
* 18
+1 2
+14 9

fn=(70) dl_main
1357 1
196 1
1357 4
2579 1
1357 7
198 1
301 1
+1 1
196 1
+99 3
1368 1
cfi=(25)
cfn=(72) __tls_pre_init_tp
calls=1 51 
* 16
2558 2
+6 5
-4 1
+4 1
+2 5
cfi=(26) ./elf/./elf/dl-environ.c
cfn=(74) _dl_next_ld_env_entry
calls=1 29 
* 56
* 4
cfi=(26)
cfn=(74)
calls=2 29 
* 238
* 9
+4 6
-2 2
+2 6
+1 2
-1 6
+1 17
-1 89
+9 12
2697 4
+25 2
1384 1
+1 2
-1 2
+1 2
2655 3
+1 3
-56 2
+7 2
1654 8
cfi=(27)
cfn=(76)
calls=1 59 
* 284
* 1
+2 2
+1 1
+1 1
+5 1
-5 1
+1 1
-2 2
+2 2
+4 1
cfi=(27)
cfn=(90)
calls=1 31 
* 34
+1 2
1362 1
1122 1
-1 1
+29 1
-23 1
+2 1
+21 2
-19 1
+1 1
-5 1
+2 1
+21 2
+57 1
-83 1
+23 1
+4 1
+19 1
+37 2
-57 1
+57 2
-56 116
1256 4
+2 1
1150 18
-26 3
1263 22
+6 4
cfi=(31) ./elf/./elf/dl-load.c
cfn=(94) _dl_process_pt_gnu_property
calls=1 876 
* 19
-7 26
+1 13
+6 13
-6 26
fi=(32) ./elf/../sysdeps/x86/dl-prop.h
212 4
+1 2
95 8
+10 2
212 1
105 2
-3 1
+3 1
-2 1
+2 2
-4 1
-1 2
+93 4
-1 1
-87 3
+3 3
+1 2
+1 2
+4 3
+4 3
+3 3
+1 2
+4 1
+1 5
+4 2
+1 1
+3 2
+3 1
+1 4
+5 4
+7 2
+16 1
-3 2
+6 4
fe=(2)
1155 1
-5 1
+5 2
-5 2
+30 1
-9 2
+2 1
-3 1
+10 2
+18 2
-38 2
-10 1
+10 1
+1 9
-11 2
+57 4
-1 4
+1 8
-1 4
+2 8
+1 1
+2 12
+1 14
+4 8
+1 8
+1 4
+1 10
+1 1
+4 1
-74 1
+74 2
-74 2
+74 3
-74 3
+74 6
-74 6
1252 1
1150 1
1252 1
1150 3
1275 4
+3 3
+2 3
+2 2
1689 3
+2 1
-1 1
+1 2
+1 2
-2 1
+2 1
-2 2
cfi=(33)
cfn=(98)
calls=1 131 
* 24
* 2
+7 1
+3 1
-5 1
+3 1
+2 1
+1 2
+4 2
+2 2
fi=(3) ./elf/./get-dynamic-info.h
39 4
+4 1
+2 3
+9 1
+5 1
-1 1
-3 17
+13 5
-23 20
+23 20
-23 80
+4 50
+5 24
+2 5
+16 4
+43 2
+7 3
+1 4
+6 3
+18 4
+15 4
+2 3
+1 2
+9 2
+6 2
+4 3
fe=(2)
1715 4
+7 2
cfi=(8) ./elf/./elf/dl-setup_hash.c
cfn=(14) _dl_setup_hash
calls=1 28 
* 26
+3 2
fi=(34) ./elf/./setup-vdso.h
24 2
fi=(37) ./elf/./dl-main.h
+88 2
fi=(36) ./elf/../sysdeps/unix/sysv/linux/dl-vdso-setup.h
-67 1
fi=(37)
+67 3
cfi=(31)
cfn=(110) _dl_init_paths
calls=1 706 
* 2907
fe=(2)
1750 3
cfi=(46)
cfn=(154)
calls=1 56 
* 32
+7 1
-7 1
+2 1
+5 1
+4 1
+1 1
+2 1
-3 3
+1 2
+3 1
+11 1
-13 1
+13 1
+1 2
+5 1
-3 2
+2 1
+1 2
+5 3
+1 5
-1 2
223 1
+1 1
-1 1
+1 3
-1 2
+2 2
1805 2
+5 1
-1 1
+1 1
+24 1
cfi=(47)
cfn=(156)
calls=1 200 
* 5
* 1
fi=(48) ./elf/../sysdeps/generic/dl-debug.h
29 4
+1 2
fe=(2)
1840 2
+1 1
cfi=(46)
cfn=(160)
calls=1 117 
* 1
+5 3
cfi=(49) ./elf/./elf/dl-audit.c
cfn=(162) _dl_audit_activity_map
calls=1 29 
* 19
+5 3
+2 1
+2 2
+9 2
+16 4
cfi=(65) ./io/../sysdeps/unix/sysv/linux/access.c
cfn=(216) access
calls=1 27 
* 8
* 2
+76 4
+16 3
84 1
1982 1
84 2
1982 1
84 1
1982 5
84 1
1982 2
cfi=(66)
cfn=(218) _dl_map_object_deps
calls=1 143 
* 7660
91 1
+9 1
1988 1
91 2
+9 2
1988 2
+1 5
-1 4
+1 6
-1 12
+4 3
+1 2
+1 1
+2 14
+1 6
+46 1
-42 2
+8 3
+1 2
+2 1
+2 3
+2 1
-4 1
+5 1
-1 2
+14 2
+1 2
+1 3
-25 1
+36 2
+2 2
-2 2
+1 2
+1 1
-1 2
+1 1
cfi=(52)
cfn=(254)
calls=1 238 
* 3686
+10 1
+1 1
-1 1
+1 1
+3 2
843 1
fi=(191) ./elf/../sysdeps/unix/sysv/linux/dl-osinfo.h
39 2
fe=(2)
845 1
fi=(191)
52 1
fe=(2)
854 1
+7 1
-5 1
2064 3
2263 2
+4 1
-4 1
+10 1
-6 1
+6 1
-6 1
+9 2
+8 2
fi=(32)
36 2
+1 3
+3 3
+13 6
-13 3
+9 6
-9 1
+9 16
+4 15
-16 12
fe=(2)
2295 3
+3 1
84 5
2304 16
+2 8
+5 8
+2 8
+6 4
+2 8
+1 24
cfi=(76) ./elf/./elf/dl-reloc.c
cfn=(278) _dl_relocate_object
calls=3 207 
* 62933
+4 10
+1 2
-23 1
+23 1
cfi=(47)
cfn=(406)
calls=1 1016 
* 27
-23 3
91 3
+1 1
2336 1
92 1
2336 1
+4 4
+2 1
+7 4
cfi=(47)
cfn=(408)
calls=1 529 
* 140
+3 2
-37 1
+1 1
-3 2
+49 3
+2 2
+33 3
cfi=(122) ./elf/./elf/dl-call-libc-early-init.c
cfn=(434) _dl_call_libc_early_init
calls=1 29 
* 1333
+7 1
cfi=(9) ./elf/../sysdeps/unix/sysv/linux/dl-sysdep.c
cfn=(460) _dl_sysdep_start_cleanup
calls=1 148 
* 1
+4 3
cfi=(49)
cfn=(462) _dl_audit_activity_nsid
calls=1 45 
* 8
+5 2
cfi=(46)
cfn=(194)
calls=1 41 
* 6
+1 1
+1 1
cfi=(46)
cfn=(160)
calls=1 117 
* 1
+5 1
cfi=(68) ./elf/./elf/dl-cache.c
cfn=(464) _dl_unload_cache
calls=1 536 
* 16
+5 8
225 3
1790 2
+6 1
-6 2
+6 1
fi=(32)
198 9
+2 1
+1 1
+1 1
-2 1
+3 1
-3 2
+3 1
fi=(3)
59 4
+3 4
+2 4
fi=(35) ./elf/../sysdeps/unix/sysv/linux/dl-vdso.h
-24 2
+1 5
fi=(36)
-11 1
+3 1
+3 1
+3 1
fi=(35)
+16 2
fi=(3)
+17 3
+12 3
+1 5
+1 5
+1 5
+1 4
+1 5
+1 5
+1 5
+12 2
+7 1
-7 7
+7 2
fe=(2)
2656 2
+2 1
+1 1
-1 1
+1 1
+1 1
1760 4
2374 1
cfi=(116)
cfn=(410)
calls=1 561 
* 546
+5 3
cfi=(7)
cfn=(418)
calls=1 76 
* 2242
+3 1
cfi=(120)
cfn=(426)
calls=1 30 
* 456
84 1
2388 1
+1 3
84 3
2389 2
cfi=(76)
cfn=(278)
calls=1 207 
* 3306
91 3
+9 3
2057 2
cfn=(264)
calls=1 737 
* 767
* 2
2607 2
+2 2
+1 1
1960 1
+1 1
-1 6
+4 3
+1 1
+1 2
+1 2
-7 2
84 1
1859 2
84 3
1859 2
cfn=(164)
calls=1 875 
* 2762
* 1
91 3
+9 3

fn=(2)
520 15
84 1
550 1
84 1
546 1
84 1
549 1
84 1
fi=(3)
-39 1
fe=(2)
549 1
fi=(3)
45 2
+23 1
-14 1
+5 1
-1 1
-3 11
+13 3
-23 12
+23 17
-23 68
+4 40
+5 16
+2 5
+3 4
fi=(4)
+22 1
fi=(3)
+29 1
-38 3
+12 4
+1 4
+1 4
+1 4
+1 5
+1 4
+1 4
+1 4
+12 7
+7 2
+5 2
+7 1
+1 3
+6 3
+1 3
+3 2
+1 3
+5 3
+3 3
fi=(5)
-70 1
fe=(2)
566 90
fi=(4)
81 1
fe=(2)
566 3
fi=(4)
81 2
fe=(2)
566 40
fi=(5)
273 3
fi=(6) ./elf/./elf/do-rel.h
49 1
fe=(2)
566 1
fi=(6)
50 1
-1 2
+4 1
-3 1
+3 4
+3 2
-7 1
fe=(2)
566 1
fi=(6)
50 1
-1 2
+4 1
-3 1
+3 4
+3 2
+7 5
+2 5
-2 10
fi=(5)
264 5
fi=(6)
64 10
fi=(5)
264 10
+9 40
+3 10
+1 10
+26 15
+4 4
fi=(6)
61 19
fe=(2)
566 6
fi=(6)
51 1
fi=(4)
+30 2
fi=(3)
-19 4
+2 4
fe=(2)
568 1
+13 1
cfi=(7)
cfn=(12)
calls=1 43 
* 9
460 2
84 1
478 2
84 3
478 1
cfi=(8)
cfn=(14)
calls=1 28 
* 26
+2 1
+17 1
-15 1
+15 1
-18 1
+3 1
+9 1
-11 1
+17 1
cfi=(9)
cfn=(16) _dl_sysdep_start
calls=1 102 
* 122034
* 1
+2 2
+89 9
-22 3
fi=(3)
103 3
fe=(2)

fn=(180)
644 1
+2 1
-2 1
+2 1
+1 2
-1 2
+1 3
cfi=(31)
cfn=(182) _dl_map_object
calls=1 1971 
* 2324
* 1
+2 2

fl=(74)
fn=(260) _dl_check_map_versions
155 28
+15 4
-15 4
+15 8
+2 16
+2 4
+1 4
+2 8
+3 4
-16 4
+20 2
-28 2
+24 2
+4 12
+16 4
36 2
200 2
36 12
+1 5
-1 10
+2 21
cfi=(54)
cfn=(184)
calls=7 +30 
* 598
* 14
204 4
+4 6
+5 2
fi=(192) ./elf/../sysdeps/generic/_itoa.h
76 6
fe=(74)
213 4
+4 4
+1 4
-1 2
+4 2
-3 2
+3 2
-3 6
-1 8
+1 8
-1 4
+4 4
-3 4
+3 4
-3 22
56 24
+8 18
+6 18
+16 6
+1 12
+2 6
+5 54
+14 110
+12 147
+4 49
-30 98
231 24
+3 18
+5 4
-24 4
110 6
+3 24
cfi=(33)
cfn=(98)
calls=6 +18 
* 296
* 18
224 24
+4 4
+15 6
+14 10
+3 4
+3 14
+3 6
+4 44
-7 176
+3 134
+8 6
+6 6
fi=(29)
44 3
fe=(74)
280 6
fi=(29)
44 3
cfi=(28)
cfn=(78)
calls=3 +38 
* 102
fe=(74)
281 6
-2 3
fi=(29)
44 3
fe=(74)
281 3
+13 3
-3 3
+3 12
+2 6
+3 8
+4 6
+18 4
-15 4
+2 4
-2 4
+2 4
-2 4
+2 8
-2 2
+2 2
-2 2
+2 2
-2 2
+2 4
+2 6
+1 6
-1 18
+1 6
+1 6
-2 6
+2 12
+1 18
+3 18
+8 6
+10 4
+3 4
+20 44
-14 92
-2 44
+6 44
+1 44
+1 44
-1 132
+1 44
-1 44
+1 44
+1 44
+3 138
+12 4
+1 4
+1 4
+1 2
+19 36
164 2
-8 2
257 5
+17 3
+60 2
-40 2
+76 4
+2 4
+4 2
-4 104
+1 52
+2 1
+1 2
-1 1
+1 1
cfi=(33)
cfn=(262)
calls=1 125 
* 31
* 2

fn=(258)
392 5
+4 5
-2 2
+4 24
cfn=(260)
calls=4 155 
* 3589
-2 4
+2 12
-1 4
-1 8
+5 7

fl=(67) ./io/../sysdeps/unix/sysv/linux/stat64.c
fn=(226) stat
28 9
+1 36
cfi=(59)
cfn=(200)
calls=9 154 
* 79

fl=(26)
fn=(74)
29 3
+3 52
+13 42
-13 84
+2 88
+1 16
+5 2
-3 2
+3 2
+2 2
+7 1

fl=(20) ./elf/../sysdeps/x86/dl-cacheinfo.h
fn=(52) intel_check_word.constprop.0
123 78
-4 78
+10 104
-10 26
+10 52
+2 52
+71 50
fi=(21) ./elf/../bits/stdlib-bsearch.h
32 25
fe=(20)
202 125
-71 102
+2 63
+2 126
+8 126
+51 102
+22 51
fi=(21)
28 51
-1 102
+2 204
+2 178
+1 89
fe=(20)
+78 178
+3 345
fi=(21)
-82 294
-2 588
+2 512
+1 256
fe=(20)
+78 512
+15 15
246 104
fi=(21)
37 102
fe=(20)
155 36
+3 36
-6 12
+3 24
+9 24
+1 24
+22 21
-32 63
+3 63
+4 64
+2 128
+3 84
+1 50
+1 38
+1 24
+2 11
+2 22
+6 14
+3 8
+1 12
-3 12
-5 4
+2 4
+1 4
-2 4
-1 4
+2 8
-2 4
+3 4
-2 12
+2 12

fn=(50) handle_intel.constprop.0
255 24
-5 12
+22 12
-22 84
+13 12
+1 12
+8 12
+7 12
-7 24
+8 12
-1 12
+1 48
+9 60
cfn=(52)
calls=12 123 
* 1215
+2 24
+3 5
cfn=(52)
calls=1 123 
* 20
+2 2
+3 5
cfn=(52)
calls=1 123 
* 265
+2 2
-35 4
+18 60
cfn=(52)
calls=12 123 
* 4020
+2 24
+24 96
-5 3

fn=(56) get_common_cache_info.constprop.0
481 2
+16 1
-16 1
+19 1
+8 1
-27 3
+15 1
-15 3
+17 1
+1 1
-1 1
+13 2
-5 1
+17 1
+5 3
+4 2
680 4
+1 5
+4 2
+7 1
+3 1
-2 1
+2 1
-1 1
+1 5
537 5
+3 1
-3 1
+3 8
+6 2
-6 9
+6 6
+4 26
+14 2
+4 1
+3 1
+1 1
-4 2
+3 3
+6 2
-37 6
+7 8
+8 2
+4 1
+1 1
-1 2
+18 2
-69 8
+75 4
+8 7
+2 2
-2 1
+6 3
+3 1
+1 5
-4 3
+21 2
-21 4
+3 1
+1 4
-4 1
+6 4
+3 2
+5 1
+2 2
+1 1
+1 1
-2 2
+1 2
-19 5
+46 3
+3 3
-23 2
-7 1
+11 2
+3 1
+2 4
+1 1
+5 2
+7 2
+2 2

fl=(176) ./elf/./elf/dl-open.c
fn=(660) _dl_find_dso_for_object
214 70
+4 70
+1 56
+1 56
+1 28
+3 28
+4 98

fl=(17) ./elf/../sysdeps/x86/cpu-features.c
fn=(44) update_active.constprop.0
43 7
+4 1
+28 1
+9 1
-27 1
-1 1
-1 1
+25 1
-4 1
-20 1
+20 1
-11 1
+22 1
-32 2
+25 1
-14 1
-10 1
+20 1
+7 1
-18 1
+15 1
+8 1
-14 1
+27 1
-36 1
+18 1
+4 1
-4 1
+5 1
+4 1
+1 1
-19 1
+13 1
+5 2
-27 1
+28 2
+1 1
+7 1
-27 1
+6 1
+14 1
-11 1
+18 1
-7 1
-7 1
+5 1
+3 1
+2 1
-2 1
+3 1
-1 2
+1 2
+3 2
-4 1
+4 1
+8 2
+4 2
+2 4
+96 1
-1 2
+4 3
+4 1
-4 1
+4 1
+67 3
+4 3
fi=(19)
31 1
-3 1
+3 1
-1 2
fe=(17)
296 1
+1 8
-75 3
+1 2
+3 1
-1 1
+9 1
-5 1
+2 1
-2 1
+5 1
fi=(19)
32 3
+4 3
fe=(17)
+83 2
+2 1
+3 2
+10 1
+10 2
-10 1
+10 1
-10 2
+6 4
+2 4
+7 4
+49 1
+12 1
-12 2
fi=(19)
39 3
+1 4
+5 1
-7 1
+7 3
+2 1
+1 2
+3 5
fe=(17)

fn=(38) init_cpu_features.constprop.0
399 1
+16 1
-16 6
+3 1
+1 1
+1 1
+11 2
+3 6
687 3
+1 1
+3 2
+1 1
+6 1
+1 1
+1 1
+1 1
fi=(20)
+5 1
+1 1
+2 1
+14 2
851 1
+1 1
-4 1
+39 1
-38 1
+2 1
+2 1
-1 1
+2 1
+34 1
-35 1
+2 1
+33 1
+22 1
-56 1
+2 1
-6 1
+61 1
-56 1
+1 1
+1 1
+1 1
+1 1
+51 1
+26 2
+8 2
-8 1
+8 3
cfi=(11)
cfn=(28)
calls=1 408 
* 20
* 1
+5 2
-3 2
+3 2
cfi=(11)
cfn=(28)
calls=1 408 
* 20
* 1
+5 2
-3 2
+3 2
cfi=(11)
cfn=(28)
calls=1 408 
* 20
* 1
+1 5
-56 7
+72 1
-12 5
+10 1
-10 1
cfi=(11)
cfn=(28)
calls=1 408 
* 20
* 1
+7 2
-5 2
+5 2
cfi=(11)
cfn=(28)
calls=1 408 
* 20
+3 3
-3 1
+3 3
-3 1
+3 2
cfi=(11)
cfn=(58)
calls=1 158 
* 45
+1 8
cfi=(11)
cfn=(58)
calls=1 158 
* 45
+1 10
cfi=(11)
cfn=(58)
calls=1 158 
* 45
+3 10
cfi=(11)
cfn=(58)
calls=1 158 
* 45
+2 9
cfi=(11)
cfn=(58)
calls=1 158 
* 45
+10 2
+7 1
+3 1
-1 1
fe=(17)
706 2
fi=(20)
986 1
+6 1
-6 1
+10 1
-2 1
+3 1
fe=(17)
706 1
fi=(20)
995 1
fe=(17)
706 1
cfi=(11)
cfn=(28)
calls=1 408 
* 18
+4 3
+14 1
-1 2
+1 3
+47 1
-1 1
+1 1
874 8
fi=(20)
+44 10
fe=(17)
775 3
+17 2
fi=(20)
-67 2
cfn=(50)
calls=1 255 
* 449
+1 1
-1 1
+1 1
cfn=(50)
calls=1 255 
* 493
+1 1
-1 2
+1 1
cfn=(50)
calls=1 255 
* 520
+4 1
-4 2
+1 1
+3 1
cfn=(50)
calls=1 255 
* 468
+2 1
-2 1
+2 1
cfn=(50)
calls=1 255 
* 460
+3 1
-2 1
-1 1
+3 1
cfn=(50)
calls=1 255 
* 440
+2 1
-2 1
+2 1
cfn=(50)
calls=1 255 
* 441
+3 1
-2 1
-1 1
+3 1
cfn=(50)
calls=1 255 
* 484
+2 1
-2 1
+2 1
cfn=(50)
calls=1 255 
* 485
+3 1
-2 1
-1 1
+3 1
cfn=(50)
calls=1 255 
* 511
+2 1
-2 1
+2 1
cfn=(50)
calls=1 255 
* 512
+2 1
-2 1
+2 1
cfn=(50)
calls=1 255 
* 818
+2 4
-2 1
+2 1
cfn=(56)
calls=1 481 
* 227
873 2
+6 2
-6 2
+6 4
-1 1
-5 6
fe=(17)
424 6
cfn=(40) get_common_indices.constprop.0
calls=1 -99 
* 71
303 3
+1 2
+1 6
+5 2
429 1
cfn=(44)
calls=1 43 
* 170
+2 1
+2 1
701 1
431 2
564 2
+7 2
+2 1
+4 2
+6 2
+2 1
422 2
-3 1
579 2
311 6
+5 2
+1 7
433 4
+1 4
+69 1
+10 2
-79 11
+55 3

fn=(40)
325 1
+4 4
+3 3
+5 2
-5 1
+5 1
-5 1
+4 1
+1 1
+1 4
+1 4
+1 3
+1 2
+7 2
+2 5
+5 1
-5 1
+5 1
-5 1
+5 1
-5 2
+5 1
+7 1
-7 4
+7 1
+1 3
+6 1
-6 4
+6 1
fi=(18) ./elf/../sysdeps/unix/sysv/linux/x86/dl-minsigstacksize.h
24 2
+3 2
+1 2
+37 3
+7 1
+2 1
fe=(17)
384 2

fl=(117)
fn=(412)
95 8
+1 8
+1 4
+6 20
+1 107
+1 74
+2 12
+5 4

fl=(65)
fn=(216)
27 7
+4 1

fl=(72) ./malloc/./malloc/scratch_buffer_set_array_size.c
fn=(246) __libc_scratch_buffer_set_array_size
30 18
+4 2
+1 4
+10 4
+18 2
-17 2
+17 6

fl=(76)
fn=(402) _dl_protect_relro
356 4
-1 8
+1 16
+3 4
-3 4
+3 4
+4 8
+7 8
-6 12
cfi=(115) ./misc/../sysdeps/unix/syscall-template.S
cfn=(404) mprotect
calls=4 117 
* 20
* 8

fn=(278)
207 40
+14 4
-14 4
+16 4
-16 4
+16 4
+3 4
-1 4
+1 8
+19 8
+6 16
-34 8
+38 8
+7 16
fi=(5)
72 14
+6 8
+4 6
+6 2
+10 4
+20 4
+8 2
fi=(4)
-45 2
fe=(76)
301 4
fi=(4)
81 4
fe=(76)
301 4
fi=(4)
81 2
fe=(76)
301 4
fi=(4)
81 4
fe=(76)
301 10893
fi=(4)
81 1
fe=(76)
301 1
fi=(4)
81 2
fe=(76)
301 173
186 8
+32 2
-32 2
+32 4
fi=(6)
49 2
fe=(76)
301 2
fi=(6)
50 2
-1 4
+4 2
-3 2
+3 2
-3 2
+3 8
+27 6
fe=(76)
301 2
186 8
+32 2
-32 2
+32 4
fi=(6)
49 2
fe=(76)
301 2
fi=(6)
50 2
-1 4
+4 2
-3 2
+3 2
-3 2
+3 8
+27 6
-31 4
fe=(76)
301 4
fi=(6)
50 4
-1 8
+4 4
-3 4
+3 4
-3 4
+3 16
+27 12
-7 2
-1 2
+11 14
fi=(5)
498 50
+4 50
+3 75
+1 25
fi=(6)
83 75
+2 256
+2 117
-4 117
+13 10
+1 6
+1 78
fi=(5)
498 39
+35 39
-1 78
-34 39
+35 78
+1 39
cob=(3)
cfi=(112) ./string/../sysdeps/x86_64/multiarch/ifunc-evex.h
cfn=(398) rawmemchr
calls=1 38 
* 8
cob=(3)
cfi=(99) ./string/../sysdeps/x86_64/multiarch/ifunc-strcasecmp.h
cfn=(396) strncasecmp
calls=1 37 
* 14
cob=(3)
cfi=(88) ./string/../sysdeps/x86_64/multiarch/ifunc-memmove.h
cfn=(394) mempcpy
calls=1 57 
* 20
cob=(3)
cfi=(84) ./string/../sysdeps/x86_64/multiarch/ifunc-sse4_2.h
cfn=(392) strspn
calls=1 36 
* 6
cob=(3)
cfi=(112)
cfn=(388) memchr
calls=1 38 
* 8
cob=(3)
cfi=(88)
cfn=(386) memmove
calls=1 57 
* 20
cob=(3)
cfi=(101) ./string/../sysdeps/x86_64/multiarch/ifunc-strcpy.h
cfn=(384) stpcpy
calls=1 38 
* 10
cob=(3)
cfi=(110) ./wcsmbs/../sysdeps/x86_64/multiarch/ifunc-memcmp.h
cfn=(380) wmemcmp
calls=1 34 
* 7
cob=(3)
cfi=(94) ./string/../sysdeps/x86_64/multiarch/ifunc-strncpy.h
cfn=(376) strncpy
calls=1 35 
* 6
cob=(3)
cfi=(82)
cfn=(372)
calls=1 40 
* 9
cob=(3)
cfi=(99)
cfn=(370) strcasecmp_l
calls=1 37 
* 14
cob=(3)
cfi=(101)
cfn=(368) strcpy
calls=1 38 
* 10
cob=(3)
cfi=(82)
cfn=(364) strchrnul
calls=1 40 
* 9
cob=(3)
cfi=(82)
cfn=(360) memrchr
calls=1 40 
* 9
cob=(3)
cfi=(104) ./wcsmbs/../sysdeps/x86_64/multiarch/ifunc-wmemset.h
cfn=(356) wmemset
calls=2 36 
* 12
cob=(3)
cfi=(102)
cfn=(352)
calls=1 34 
* 7
cob=(3)
cfi=(99)
cfn=(350) strncasecmp_l
calls=1 37 
* 14
cob=(3)
cfi=(101)
cfn=(348) strcat
calls=1 38 
* 10
cob=(3)
cfi=(100) ./wcsmbs/../sysdeps/x86_64/multiarch/wcscpy.c
cfn=(346) wcscpy
calls=1 38 
* 6
cob=(3)
cfi=(84)
cfn=(344) strcspn
calls=1 36 
* 6
cob=(3)
cfi=(99)
cfn=(342) strcasecmp
calls=1 37 
* 14
cob=(3)
cfi=(98) ./string/../sysdeps/x86_64/multiarch/strncmp.c
cfn=(340) strncmp
calls=1 44 
* 14
cob=(3)
cfi=(96) ./wcsmbs/../sysdeps/x86_64/multiarch/ifunc-evex.h
cfn=(336) wmemchr
calls=2 38 
* 16
cob=(3)
cfi=(94)
cfn=(332) stpncpy
calls=1 35 
* 6
cob=(3)
cfi=(89) ./wcsmbs/../sysdeps/x86_64/multiarch/ifunc-avx2.h
cfn=(328) wcscmp
calls=1 40 
* 9
cob=(3)
cfi=(82)
cfn=(324) rindex
calls=1 40 
* 9
cob=(3)
cfi=(91) ./string/../sysdeps/x86_64/multiarch/strchr.c
cfn=(322) index
calls=1 43 
* 12
cob=(3)
cfi=(89)
cfn=(318) wcschr
calls=2 40 
* 18
cob=(3)
cfi=(88)
cfn=(316) memcpy@@GLIBC_2.14
calls=1 57 
* 20
cob=(3)
cfi=(86) ./wcsmbs/../sysdeps/x86_64/multiarch/ifunc-wcslen.h
cfn=(314) wcslen
calls=1 41 
* 11
cob=(3)
cfi=(87)
cfn=(312)
calls=1 54 
* 17
cob=(3)
cfi=(86)
cfn=(310) wcsnlen
calls=1 41 
* 11
cob=(3)
cfi=(85)
cfn=(308)
calls=1 48 
* 13
cob=(3)
cfi=(84)
cfn=(306) strpbrk
calls=1 36 
* 6
cob=(3)
cfi=(82)
cfn=(302) strnlen
calls=2 40 
* 18
fi=(6)
97 39
fi=(5)
535 39
fi=(6)
97 80
fe=(76)
301 32
fi=(6)
51 4
fi=(4)
+30 12
fe=(76)
304 24
+24 4
+3 8
+17 8
-96 8
fi=(6)
114 18
+9 10
+1 2
fi=(5)
482 2
fi=(6)
124 2
fi=(5)
482 4
fi=(6)
124 7
fi=(5)
482 7
fi=(6)
124 7
fi=(5)
482 14
+5 18
+1 9
fi=(6)
123 9
fi=(5)
488 9
-5 9
fi=(6)
123 18
+3 18
+3 16
+2 12
-59 3
fe=(76)
182 3
fi=(6)
73 3
fe=(76)
182 12
fi=(6)
-49 6
+1 3
+1 3
-2 3
+2 3
+3 3
-5 3
+2 3
-2 3
+1 6
+2 3
-2 3
+2 9
+2 6
-5 192
+1 96
+1 96
-2 96
+2 96
+3 96
-5 96
+2 96
-2 96
+1 192
+2 96
-2 96
+2 288
+2 192
+9 97
fi=(5)
253 194
+7 194
+4 194
fe=(76)
-94 388
fi=(4)
-28 243
fe=(76)
+29 162
+3 465
+8 365
+4 146
-3 73
+1 73
+2 294
-3 1
+1 1
+2 78
+1 74
-1 74
+2 444
+2 444
cfi=(77)
cfn=(286)
calls=74 756 
* 39269
+3 74
+1 148
-4 74
+4 370
fi=(5)
+79 321
+3 78
-3 250
+3 94
-3 94
+3 188
+1 188
+1 188
+25 582
407 24
fi=(6)
150 24
fi=(5)
407 144
fi=(6)
150 250
-19 396
+32 18
+1 16
+1 6
+3 4
+4 2
-2 2
+1 2
-3 2
+2 2
+2 2
-2 12
fi=(5)
273 2
+3 2
-3 2
+4 4
461 2
-1 4
+1 4
+1 2
cfi=(16) ./elf/../sysdeps/x86/dl-get-cpu-features.c
cfn=(432) __x86_cpu_features
calls=1 39 
* 5
cob=(3)
cfi=(80) ./string/../sysdeps/x86/cacheinfo.h
cfn=(298) __x86_cacheinfo
calls=1 61 
* 27
fi=(6)
164 2
fi=(5)
463 2
fi=(6)
164 10
-13 12
fi=(5)
384 51
+2 68
+4 17
+9 17
-9 34
+9 17
fi=(6)
150 34
fi=(5)
273 80
fi=(6)
140 10
+3 2
fi=(5)
273 10
fe=(76)
-98 21
+3 7
-1 7
+19 7
-18 14
349 8
cfn=(402)
calls=4 +7 
* 96
+1 32
175 28
fi=(5)
-52 8
-2 4
fe=(76)
301 3
fi=(6)
179 2
73 2
179 9
+2 2
+1 2
-1 1
+3 1
-3 4
+3 2
-3 10
+1 10
-1 5
+3 5
-3 20
+3 10
+8 6
fi=(5)
+61 12
+7 12
+4 12
fe=(76)
-94 24
fi=(4)
-28 18
fe=(76)
+29 12
+3 36
+8 30
+4 12
-3 6
+1 6
+2 36
+4 30
-4 6
+4 12
cfi=(77)
cfn=(286)
calls=6 756 
* 2846
+3 6
+1 12
-4 6
+4 30
fi=(5)
+79 20
+3 2
-3 6
+3 2
-3 2
+3 4
+1 4
+1 4
+25 36
407 6
fi=(6)
195 18
-16 24
+30 6
fe=(76)

fl=(77)
fn=(290) do_lookup_x
348 872
+1 109
-1 436
+6 109
-6 218
+7 109
+41 109
-30 218
+30 109
-30 436
+14 987
+8 329
-4 329
+1 329
+3 1316
+1 658
+3 329
-3 329
+4 658
+7 329
-3 658
-2 329
+5 987
+3 2303
+99 723
359 686
+3 686
+4 658
+4 658
+4 658
fi=(4)
141 204
+1 306
fe=(77)
460 204
fi=(79) ./elf/../sysdeps/generic/dl-protected.h
29 408
fe=(77)
467 792
+16 204
+1 102
+1 204
-78 318
-1 212
+2 212
+2 106
+6 424
-6 106
+6 742
+7 516
-10 1300
+3 104
-1 208
+1 104
-1 104
+2 208
-1 1248
cfn=(292) check_match
calls=104 71 
* 10600
+4 312
+3 32
+82 7
+1 872
-35 18
-17 50
+2 28
172 144
437 792

fn=(286)
756 1417
fi=(78) ./elf/../sysdeps/generic/dl-new-hash.h
74 109
+3 218
-8 109
+1 218
+10 109
+1 218
-1 605
+1 1210
+20 671
-2 671
+6 671
-3 1342
+2 671
-30 671
+3 1342
fe=(77)
758 109
+1 109
+3 109
-4 109
+1 109
+7 390
+3 109
+2 218
-2 109
+6 190
-7 1294
+7 35
+1 1526
cfn=(290)
calls=109 348 
* 37855
* 327
+28 109
-23 327
+23 109
-23 218
+24 540
+7 102
-7 102
+35 408
+34 102
-20 306
+3 204
-57 109
+76 981
fi=(78)
87 43
+1 43
+1 86
+1 43
fe=(77)
771 28
-3 14
+3 28
+12 42
+18 21
+54 2

fn=(292)
71 104
+3 104
-3 1248
+3 412
+13 102
-13 102
+13 102
-13 102
+13 306
+3 380
cfi=(33)
cfn=(98)
calls=44 +41 
* 1587
* 88
+4 102
+1 204
+2 172
+19 172
+1 688
-38 88
+84 624
-18 32
+2 32
+1 16
-1 32
+1 48
-1 32
+4 28
+1 98
+2 42
-75 28
+39 258
cfi=(33)
cfn=(98)
calls=86 +13 
* 3083
* 172
-44 8
+5 4

fl=(66)
fn=(218)
143 4
+1 2
-1 2
+1 1
-1 1
+1 1
-1 1
+1 1
-1 5
+1 1
-8 1
+8 2
-8 1
-6 1
+6 1
-8 1
+16 1
-15 1
+1 1
+6 1
+24 4
-28 2
-2 1
+31 1
-33 2
+2 2
+30 2
-30 1
-1 4
+7 4
+24 2
-32 1
+60 1
-60 2
+54 1
+46 1
-64 1
fi=(73) ./elf/../include/scratch_buffer.h
-87 2
fe=(66)
+87 1
fi=(73)
-86 1
fe=(66)
184 1
+44 4
-31 1
-4 1
+4 5
-4 3
+4 6
+11 12
-18 2
+18 4
417 8
+2 2
+3 2
-3 6
+3 4
fi=(29)
56 2
cfi=(28)
cfn=(82)
calls=2 -21 
* 48
fe=(66)
423 6
fi=(29)
56 2
fe=(66)
423 2
+6 2
+1 10
cfi=(30)
cfn=(86)
calls=2 219 
* 20
+1 12
cfi=(30)
cfn=(86)
calls=2 219 
* 20
+4 2
-1 2
+5 12
188 6
+22 8
+8 2
-3 2
+1 2
+2 2
+3 2
-4 2
+4 6
-31 2
+31 2
-31 12
+42 4
-2 2
+2 4
cfi=(52)
cfn=(176)
calls=2 -57 
* 6165
* 2
+1 4
+9 2
+2 4
+5 2
+6 2
+2 2
-8 4
+3 2
+1 2
+1 2
+1 2
+4 10
+4 6
+1 3
-43 204
+1 102
+6 8
cfi=(31)
cfn=(146) _dl_dst_count
calls=2 +10 
* 104
* 10
+38 147
-45 10
fi=(73)
85 3
fe=(66)
448 5
+4 4
+11 5
fi=(29)
56 1
cfi=(28)
cfn=(82)
calls=1 -21 
* 24
fe=(66)
465 3
fi=(29)
56 1
fe=(66)
465 1
+5 1
+2 1
-2 1
+1 1
+3 1
-4 2
+4 1
+4 12
+7 4
-2 4
+2 4
-2 4
+2 4
+5 4
-16 12
+21 3
+37 2
+15 1
-11 1
+11 1
-14 2
+20 1
-1 4
+1 4
-1 5
cfi=(13) ./elf/./elf/dl-sort-maps.c
cfn=(250) _dl_sort_maps
calls=1 304 
* 260
+5 1
+2 1
+1 1
+1 1
-2 1
+2 2
+7 3
+3 2
+3 8
442 9
-1 4
+1 8
183 6
449 2
198 29
+3 2
fi=(73)
-70 6
cfi=(72)
cfn=(246)
calls=2 30 
* 38
fe=(66)
+70 4
+4 4
547 4
cfi=(30)
cfn=(86)
calls=1 219 
* 10
* 3

fn=(220)
61 4
+7 2
-4 4
+1 2
-1 16
cfi=(31)
cfn=(182)
calls=2 1971 
* 6031
* 2
+5 4

fl=(13)
fn=(252) dfs_traversal.part.0
140 32
+10 4
-2 4
+2 8
+2 8
-7 6
+7 12
+9 8
+15 12
+1 4
+1 24

fn=(26) _dl_sort_maps_init
295 1
+1 4
cfi=(11)
cfn=(28)
calls=1 408 
* 19
+2 3
-1 1
+2 2

fn=(250)
304 11
+8 1
-8 1
+8 2
+4 8
216 1
-28 1
-2 1
+1 2
+29 1
-28 4
+1 1
-1 1
+1 1
-1 2
+1 3
-1 3
+1 3
-1 6
+28 1
+8 1
-1 1
+1 1
-8 5
+8 2
-8 1
+8 1
-3 2
+5 10
+2 4
-83 20
cfn=(252)
calls=4 -5 
* 122
+86 12
+18 4
+13 1
+54 1
-47 4
cfi=(30)
cfn=(86)
calls=1 -50 
* 10
+13 4

fl=(30)
fn=(86)
219 15
+6 15
+1 15
+2 9
+1 9
+1 9
+2 6
+1 6
+1 6
+2 6
+80 6
+1 6
+2 1
+4 1
+1 1
+1 1
+1 1
+1 1
+4 1
+2 1
+39 5
+1 5
+1 5
+1 5
+1 5
+7 3
+1 3
+1 3
+1 3
+1 3
+1 3
+1 3
+11 3
+1 3
+2 3
+1 3
+1 3

fn=(134)
206 29
+1 29
+1 29
+17 29
+1 29
+2 5
+1 5
+1 5
+2 4
+1 4
+1 4
+2 4
+80 24
+1 24
+2 9
+4 9
+1 3
+1 3
+1 2
+1 2
+1 2
+1 2
+2 2
+2 3
+6 6
+1 6
+1 6
+1 6
+1 6
+29 15
+1 15
+1 15
+1 15
+1 15
+7 1
+1 1
+1 1
+1 1
+1 1
+1 1
+1 1
+11 1
+1 1
+2 1
+1 1
+1 1

fl=(9)
fn=(18) _dl_sysdep_parse_arguments
78 1
+2 1
-2 4
+1 1
+1 1
-1 1
+2 2
+2 1
-2 1
+2 2
-1 1
+1 2
-1 43
+1 86
+7 2
-4 1
+4 54
fi=(10) ./elf/../sysdeps/unix/sysv/linux/dl-parse_auxv.h
-49 1
-9 1
fe=(9)
+54 1
fi=(10)
-54 1
+1 1
+1 1
+7 3
+1 40
+1 40
-2 81
fe=(9)
+52 1
+1 1
+1 1
fi=(10)
-49 1
+1 2
+1 1
+1 1
+1 1
+1 1
+1 1
+2 1
-5 1
-2 1
+1 1
+2 1
+1 1
+3 1
-9 1
+1 1
+6 1
fe=(9)
+42 1
-1 1
+2 1
+1 5

fn=(16)
102 3
+1 1
+3 2
cfn=(18)
calls=1 -28 
* 403
+4 2
cfi=(11)
cfn=(22)
calls=1 282 
* 23031
+3 1
cfi=(13)
cfn=(26)
calls=1 295 
* 30
+2 2
cfi=(14) ./elf/../sysdeps/unix/sysv/linux/brk_call.h
cfn=(30) brk
calls=1 -91 
* 7
fi=(5)
+91 1
cfi=(16)
cfn=(36) _dl_x86_init_cpu_features
calls=1 39 
* 7247
fe=(9)
-84 3
+1 1
cfi=(23)
cfn=(66)
calls=1 -22 
* 32
* 1
+2 2
cfi=(24) ./elf/../misc/sbrk.c
cfn=(68) sbrk
calls=1 -88 
* 14
* 3
+12 3
+3 5
cfi=(2)
cfn=(70)
calls=1 1357 
* 91236
+3 4

fn=(460)
148 1

fl=(44)
fn=(138)
141 35
+5 7
+1 7
+3 6
+1 6
+38 4
+1 4
+2 4
+60 6
+1 6
+12 6
+3 6
+1 6
+12 2
+1 2
+13 2
+1 2
+2 2
+3 1
+3 2
+3 1
+1 1
+1 1
+1 1
+1 1
+1 1
+1 1
-6 28
+1 28
+1 28
+1 28
+1 28
+1 28
+1 28
+3 2
+1 2
+1 2
+1 2
+5 2
+34 1
+2 1
+1 1
+39 1
+1 1
+2 1

fl=(24)
fn=(68)
37 4
+3 1
+18 2
+4 2
+16 5

fl=(68)
fn=(228) _dl_load_cache_lookup
413 5
+2 2
+3 3
+74 3
+3 5
cfn=(234) search_cache
calls=1 206 
* 1135
* 1
+15 2
+4 2
+8 2
cfi=(23)
cfn=(66)
calls=1 101 
* 34
+2 1
-2 1
+1 5
+1 1
cfi=(30)
cfn=(86)
calls=1 219 
* 10
* 1
+1 1
cfi=(45)
cfn=(148)
calls=1 40 
* 85
+1 3
421 5
cfi=(54)
cfn=(230)
calls=1 36 
* 83
* 1
+8 6
+1 8
+3 3
+1 1
-1 3
fi=(69) ./elf/../sysdeps/generic/dl-cache.h
194 1
+1 5
fe=(68)
441 1
+1 2

fn=(464)
536 4
-1 1
+3 2
cfi=(115)
cfn=(466) munmap
calls=1 117 
* 5
+1 1
+4 1
+2 2

fn=(234)
206 9
+2 1
-2 4
fi=(70) ./elf/../sysdeps/x86/dl-procinfo.h
39 2
+3 3
cfi=(33)
cfn=(98)
calls=1 +89 
* 42
* 7
cfi=(33)
cfn=(98)
calls=1 +89 
* 49
* 5
fe=(68)
211 5
cfi=(11)
cfn=(28)
calls=1 408 
* 20
* 1
+17 2
-12 2
+15 1
-15 4
359 3
228 6
+2 45
+1 9
-37 18
+37 9
+4 18
+4 27
cfn=(238) _dl_cache_libcmp
calls=9 367 
* 651
+1 18
356 8
+1 5
228 10
+8 11
+14 2
+3 2
+2 4
cfn=(238)
calls=1 367 
* 72
* 2
-7 2
-35 3
+1 1
-1 8
+1 1
-1 8
+54 2
+10 2
+1 3
+7 2
fi=(69)
125 5
fe=(68)
294 2
+9 2
+3 2
+5 1
+1 3
+28 2
+23 9

fn=(238)
367 10
+1 33
+4 49
-2 49
+2 49
-2 98
+20 96
+2 96
-24 39
+28 39
+1 39
-29 78
+32 3
-28 2
+8 1
-2 2
+1 2
+1 2
-2 1
+2 1
+2 3
-3 1
+3 1
+2 2
+9 27

fl=(58)
fn=(198)
29 3
+1 6
+5 9
cfi=(59)
cfn=(200)
calls=3 154 
* 21

fl=(64)
fn=(212)
26 12
+1 3

fl=(8)
fn=(14)
28 4
-3 4
+3 8
+3 12
+1 8
+2 4
-1 4
+3 12
+1 4
+1 8
+7 4
-5 4
-2 4
+3 8
+2 4
+2 8
+5 4

fl=(49)
fn=(462)
45 4
+2 3
+4 1

fn=(214) _dl_audit_objopen
78 8

fn=(162)
29 7
+2 1
-1 1
+1 2
+6 8

fn=(520) _dl_audit_preinit
119 4

fl=(31)
fn=(110)
706 10
+14 1
-14 2
+14 2
cfi=(38) ./elf/./elf/dl-hwcaps.c
cfn=(112) _dl_important_hwcaps
calls=1 175 
* 1796
fi=(29)
56 1
fe=(31)
720 1
fi=(29)
56 1
cfi=(28)
cfn=(82)
calls=1 -21 
* 24
fe=(31)
725 1
+2 3
+8 2
-1 3
+5 3
fi=(29)
56 1
cfi=(28)
cfn=(82)
calls=1 -21 
* 24
fe=(31)
739 1
+2 4
+17 1
-10 1
+8 1
-9 1
+9 2
+11 1
-9 1
+3 2
+9 1
-2 1
+2 2
-7 1
-4 1
+3 1
+6 1
+2 1
-3 2
+1 16
cfi=(44)
cfn=(138)
calls=4 141 
* 68
+2 15
-14 3
+10 3
+4 9
-12 3
-2 3
+2 3
+4 3
-3 3
+3 3
+1 3
-2 3
+5 6
-3 3
+4 6
+15 1
+3 1
-15 1
+7 1
-1 1
+9 2
+2 4
+2 3
+36 5
+2 3
cfi=(23)
cfn=(66)
calls=1 101 
* 16
* 8
cfi=(30)
cfn=(86)
calls=1 219 
* 10
* 1
+5 4
-1 2
+2 1
+1 2
-2 4
+1 13
+1 26
-2 52
+5 1
fi=(29)
56 1
cfi=(28)
cfn=(82)
calls=1 -21 
* 24
fe=(31)
836 1
fi=(29)
56 1
fe=(31)
838 2
+6 6
cfn=(140) fillin_rpath.isra.0
calls=1 468 
* 638
+3 3
+6 1
+4 8
-49 1
-2 1
+2 2
+14 2

fn=(182)
1971 30
+8 6
+1 12
+3 45
+5 49
+2 21
cfi=(54)
cfn=(184)
calls=7 68 
* 665
* 14
+4 12
+1 18
+4 2
-1 10
+1 2
+1 2
-1 2
+1 4
cfi=(33)
cfn=(98)
calls=2 131 
* 48
* 4
2274 27
2015 2
-1 4
+1 4
-1 4
-41 2
+50 6
+17 4
-2 2
+2 2
cfi=(42)
cfn=(124)
calls=2 33 
* 46
* 4
2206 2
-1 3
cfn=(144) expand_dynamic_string_token
calls=1 385 
* 175
+2 1
-3 1
+1 1
+2 2
+4 8
cfn=(186) open_verify.constprop.0
calls=1 1578 
* 101
* 1
+3 2
+12 8
+45 2
+1 4
-1 2
+1 22
cfn=(192) _dl_map_object_from_fd
calls=2 944 
* 3836
* 6
2044 2
cfi=(23)
cfn=(66)
calls=1 101 
* 16
* 2
+2 2
+7 4
+51 14
cfn=(224) open_path
calls=1 1819 
* 1420
+6 1
-6 1
+6 4
+1 6
cfn=(222) cache_rpath
calls=1 681 
* 9
* 2
+8 1
+14 2
+2 3
+4 2
cfi=(68)
cfn=(228)
calls=1 413 
* 1421
* 1
+2 2
+4 2
+8 3
+23 8
cfn=(186)
calls=1 1578 
* 120
* 1
+4 2
+1 1
+17 2
2078 4
+1 9
cfn=(222)
calls=1 681 
* 9
* 4
+9 2
+15 2
+1 2
-47 1
+1 1
+7 9
-3 3
+1 6
cfn=(222)
calls=1 681 
* 9
* 2
+9 4
+5 2
+1 2

fn=(224)
1819 8
+1 1
-1 3
+1 1
+6 2
+5 1
-7 1
+7 1
+70 1
-70 1
+70 1
-70 1
+38 1
-38 1
+38 1
-38 1
+38 1
-46 1
+8 2
+3 2
+9 6
+7 2
-12 1
+13 1
-1 2
cfi=(30)
cfn=(134)
calls=1 206 
* 12
* 1
+1 20
+3 18
+5 63
cfi=(30)
cfn=(134)
calls=9 206 
* 114
* 36
cfi=(30)
cfn=(134)
calls=9 206 
* 108
+3 27
+6 27
+3 63
cfn=(186)
calls=9 1578 
* 468
* 9
+2 27
+2 18
+89 9
-24 5
+7 2
-2 1
+2 2
+3 4
1829 2
+51 18
+1 72
+6 18
+2 9
-2 18
+2 9
cfi=(67)
cfn=(226)
calls=9 28 
* 124
* 9
+3 9
-3 26
-38 16
+39 1
+2 1
-2 1
+2 7
-41 2

fn=(222)
681 6
+1 9
+17 6
-16 6

fn=(192)
944 22
+10 2
-10 6
+10 2
cfi=(46)
cfn=(194)
calls=2 41 
* 12
* 2
+7 8
+85 8
+10 4
+7 14
cfi=(27)
cfn=(76)
calls=2 59 
* 745
* 2
+1 4
+11 2
+5 2
-4 2
-1 2
+2 2
+2 2
-2 2
+2 4
+1 6
+1 2
+19 1
-2 1
+2 10
+10 1
-10 1
+10 3
-10 1
-2 1
+2 10
+10 1
-10 1
+10 3
+27 2
-33 2
-3 2
+2 2
-1 2
+35 2
+9 2
-50 2
+41 2
+9 2
-36 2
+63 10
-62 56
+20 2
+1 1
-22 63
+1 115
1223 4
1110 2
1223 4
1110 6
1228 14
+10 6
+1 2
-1 2
+1 2
-1 6
+1 6
-1 6
+1 6
-1 18
1076 4
1245 4
+10 8
+7 8
fi=(61) ./elf/./dl-map-segments.h
28 2
fe=(31)
1262 6
fi=(61)
28 4
+1 16
cfi=(60)
cfn=(202)
calls=2 +18 
* 16
+73 4
-1 2
-72 2
+73 2
+3 4
+1 2
+2 2
-3 2
+1 2
+2 2
+17 2
-96 2
+98 2
fi=(62) ./elf/./dl-load.h
-36 16
+1 6
+2 16
fi=(61)
+55 32
+6 2
+2 2
-2 2
+1 2
+2 4
-1 8
+8 4
+3 4
+8 14
cfi=(44)
cfn=(138)
calls=2 -35 
* 243
* 4
+6 4
+12 8
-59 48
+2 12
+3 6
-3 12
+2 48
cfi=(60)
cfn=(202)
calls=6 -92 
* 48
* 18
fe=(31)
1111 24
+26 56
+8 16
+1 8
-1 8
+1 32
+1 8
-1 8
+1 8
+2 8
-2 8
+2 8
+2 8
-4 8
+1 16
-1 8
+4 40
+2 16
+13 16
+1 30
+5 6
+1 54
-28 6
+38 6
-11 2
+1 18
-28 2
+38 2
-66 4
+7 2
+2 2
-2 2
+1 2
+1 2
-1 4
+1 16
+60 3
+5 1
-1 2
+5 1
-5 2
-66 1
+71 4
+1 1
+3 1
-3 1
+8 4
+15 4
+1 2
fi=(57) ./elf/../sysdeps/posix/dl-fileid.h
37 6
cfi=(58)
cfn=(198)
calls=2 -8 
* 26
* 4
fe=(31)
999 4
fi=(57)
40 6
fe=(31)
999 2
fi=(57)
40 2
fe=(31)
999 23
+1 10
fi=(57)
49 12
fe=(31)
1525 18
1084 1
+1 2
-1 4
+1 1
-1 1
+1 1
cfi=(71) ./io/../sysdeps/unix/sysv/linux/pread64_nocancel.c
cfn=(242) __pread64_nocancel
calls=1 25 
* 6
* 2
1278 8
+1 6
fi=(63) ./elf/./elf/get-dynamic-info.h
39 4
+6 2
-2 2
+2 4
+9 2
+5 2
-1 2
-3 25
+13 7
-23 28
+23 36
-23 144
+4 86
+5 36
+2 10
fi=(62)
+39 4
+2 1
-1 2
+1 1
-1 1
+1 1
-1 1
+1 1
-1 2
+3 4
fe=(31)
1018 4
fi=(63)
59 8
+13 8
+12 7
+1 8
+1 8
+1 8
+1 7
+1 7
+1 7
+1 8
+12 2
+7 2
-7 14
+7 5
+5 2
+7 2
+1 6
+6 6
+1 3
+17 6
+5 2
+2 2
+2 2
+2 2
+4 6
+2 3
+1 2
+9 2
+6 2
+4 4
fe=(31)
1285 4
+1 4
+2 4
+10 6
+19 4
+2 12
+52 6
+1 2
+6 16
+1 40
+6 4
cfn=(94)
calls=1 876 
* 19
-7 46
+1 23
+6 23
-6 46
fi=(32)
212 6
+1 3
95 12
+10 2
212 1
105 2
-3 1
-1 1
+2 1
+2 2
-5 2
+93 4
-1 1
-87 3
+3 3
+1 2
+1 2
+4 3
+4 3
+3 3
+1 2
+4 1
+1 4
+4 2
+1 1
+3 2
+3 1
+1 4
+5 4
+7 2
+16 1
-3 2
+3 3
fe=(31)
1390 4
cfi=(64)
cfn=(212)
calls=2 26 
* 10
* 4
+13 4
+2 8
+2 4
+16 4
cfi=(8)
cfn=(14)
calls=2 28 
* 52
+4 4
+1 4
+17 4
+1 1
+3 1
+5 1
-5 1
+5 1
-5 1
+5 1
-5 1
+5 1
+10 4
+7 16
+10 4
+1 4
+5 2
cfi=(47)
cfn=(244)
calls=1 131 
* 9
+7 6
cfi=(27)
cfn=(90)
calls=2 31 
* 90
+3 8
+23 14
+1 6
cfi=(49)
cfn=(214)
calls=2 78 
* 8
* 2
-5 4
fi=(32)
198 8
+2 1
+1 1
+1 1
-2 1
+3 1
-3 2
+3 1
fi=(63)
62 8
+2 8
fi=(61)
186 8
cfi=(60)
cfn=(202)
calls=1 47 
* 8
+3 2
fe=(31)
1472 6
+2 1
-1 5
+1 1
-1 1
+1 1
-1 1
cfi=(33)
cfn=(98)
calls=1 131 
* 24
* 2
+2 5
1285 2

fn=(94)
876 2
-8 2
+8 2
-6 2
+12 4
-13 2
+13 2
-13 2
+13 4
+3 6
+1 4
+1 4
+43 2

fn=(186)
1578 110
+32 11
-32 22
+32 22
+19 44
cfi=(55)
cfn=(188)
calls=11 31 
* 203
* 11
+2 22
+8 2
+6 6
-5 2
+5 10
cfi=(56)
cfn=(190)
calls=2 26 
* 10
+2 4
+2 4
+2 4
+6 4
+17 26
+81 4
+5 4
+6 8
+6 4
+6 2
+1 2
-1 6
+1 6
+26 99
-22 1
+1 2
-1 4
+1 1
cfi=(71)
cfn=(242)
calls=1 25 
* 6
* 2
1674 3
-59 18

fn=(146)
238 4
+3 4
-3 12
+7 4
-7 4
+3 4
cfi=(42)
cfn=(124)
calls=4 33 
* 140
+3 8
+20 28

fn=(144)
385 6
+10 2
-10 8
+10 2
cfn=(146)
calls=2 238 
* 104
+3 4
+12 2
-11 2
+11 8
-11 2
cfi=(45)
cfn=(148)
calls=2 40 
* 160

fn=(140)
468 7
+4 1
-4 9
+6 3
cfi=(7)
cfn=(142)
calls=1 242 
* 282
* 3
cfi=(7)
cfn=(142)
calls=1 242 
* 8
* 6
+7 2
+2 3
cfn=(144)
calls=1 -98 
* 125
* 1
+4 2
+5 2
cfi=(23)
cfn=(66)
calls=1 101 
* 16
* 1
+1 2
+7 5
+9 15
+1 8
fi=(29)
50 2
cfi=(28)
cfn=(152)
calls=1 +47 
* 4
+1 1
fe=(31)
528 4
+4 4
fi=(29)
56 1
cfi=(28)
cfn=(82)
calls=1 -21 
* 24
* 1
fe=(31)
534 2
+5 1
+1 2
-1 1
-1 1
+2 1
cfi=(30)
cfn=(134)
calls=1 206 
* 12
+3 1
-3 1
+1 1
+2 1
+6 1
+1 1
-1 3
+1 4
+1 1
-1 3
+1 8
-1 24
+3 1
+1 1
-1 1
+1 2
+1 1
+6 2
+1 1
+3 3
-60 4
+66 1
+3 10

fl=(38)
fn=(112)
175 4
+1 1
-1 6
+1 1
-1 1
+1 1
-1 1
+1 1
-1 1
+1 1
cfi=(11)
cfn=(28)
calls=1 408 
* 20
* 1
+3 1
-1 1
+1 1
-1 1
+1 1
+9 2
-9 1
+8 1
cfi=(19)
cfn=(114)
calls=1 31 
* 35
fi=(40) ./elf/./dl-hwcaps.h
54 1
fe=(38)
188 2
-1 1
fi=(40)
56 1
+32 1
+1 1
+1 1
fe=(38)
-35 2
cfi=(41) ./elf/./elf/dl-hwcaps_split.c
cfn=(120) _dl_hwcaps_split_masked
calls=1 -4 
* 20
* 2
fi=(40)
-1 1
+2 1
-2 1
+34 2
+1 2
+1 1
fe=(38)
-32 1
-1 1
+1 1
+1 1
-1 1
-3 2
cfi=(41)
cfn=(120)
calls=1 -4 
* 28
* 2
cfi=(41)
cfn=(120)
calls=1 -4 
* 231
* 4
+48 3
fi=(29)
-47 1
cfi=(28)
cfn=(82)
calls=1 -21 
* 24
fe=(38)
+49 2
-2 1
+2 1
fi=(40)
-51 1
fe=(38)
+57 2
-3 1
fi=(40)
-54 1
+2 4
+1 1
fe=(38)
+58 2
cfi=(41)
cfn=(122) _dl_hwcaps_split
calls=1 -90 
* 11
* 1
+2 1
-2 1
fi=(40)
-61 3
+2 1
-2 1
+34 2
+1 5
+1 1
fe=(38)
+40 5
+1 2
+1 1
+1 1
-1 1
-4 2
cfi=(41)
cfn=(120)
calls=1 -77 
* 28
* 2
cfi=(41)
cfn=(120)
calls=1 -77 
* 231
* 4
+8 5
+9 3
+53 2
+1 4
+4 5
+1 1
-1 1
+1 2
+1 2
-2 5
+1 1
-1 1
+1 2
+1 2
-2 5
+5 1
+27 1
-5 1
+5 1
-7 1
+7 2
-7 5
+7 2
-5 1
+1 4
fi=(43) ./elf/../sysdeps/x86/dl-hwcap.h
57 6
fe=(38)
236 3
-3 1
+1 1
cfi=(23)
cfn=(66)
calls=1 101 
* 16
+1 1
-1 1
+1 2
-5 6
+8 3
+2 1
+2 3
-2 1
+1 2
+4 5
+1 1
+3 3
+5 2
-1 2
+4 2
+1 2
+16 2
+7 2
-7 2
+7 1
-7 5
+7 2
fi=(29)
56 1
cfi=(28)
cfn=(82)
calls=1 -21 
* 24
* 1
fe=(38)
282 2
+7 1
+1 1
+1 4
-1 5
+1 1
cfn=(132) copy_hwcaps
calls=1 77 
* 44
+1 5
cfn=(132)
calls=1 77 
* 317
+11 1
-8 1
+1 1
+7 2
+2 1
-2 1
+34 1
-10 1
+10 4
-7 2
+7 2
+10 4
-1 1
+1 2
-1 2
+1 1
-90 2
+86 1
+4 3
-4 4
-3 1
+3 1
cfi=(30)
cfn=(134)
calls=1 206 
* 17
* 2
-3 1
+3 1
cfi=(30)
cfn=(134)
calls=1 206 
* 17
* 2
+3 2
-3 6
+3 5
+1 12
+1 2
-2 1
+2 1
cfi=(30)
cfn=(134)
calls=1 206 
* 14
* 2
-2 2
+5 6
cfi=(30)
cfn=(134)
calls=2 206 
* 28
* 4
+2 16
+6 1
-1 3
+1 7
-1 22
+5 7
+3 2
-3 2
+3 2
-3 4
+3 4
-3 4
+3 4
+1 36
+1 12
-1 12
+1 24
-2 12
+1 24
-1 42
260 1
+1 1
-1 2
+2 1
-1 1
+1 3
-1 2
+2 2
+7 4
370 9
+3 1
+2 2
-1 1
+1 1
-2 2
+2 2
-1 1
-1 2
+5 2
+3 2
-6 2
+2 6
+3 1
+1 2
-6 2
+6 3
+7 7
+1 1
-1 2
+3 2
-3 3
+1 3
-1 6
+3 6
+3 3
-21 1
-59 2
+86 9
254 2

fn=(132)
77 6
+6 2
-6 2
+6 2
-6 4
fi=(40)
-23 2
+2 4
+32 2
+1 2
+1 2
fe=(38)
-8 2
+1 2
-1 1
+1 4
cfi=(30)
cfn=(134)
calls=1 206 
* 12
+4 1
+2 1
+2 1
-3 1
+1 2
+1 2
+1 1
-11 2
cfi=(41)
cfn=(120)
calls=1 -29 
* 28
* 4
cfi=(41)
cfn=(120)
calls=2 -29 
* 251
* 6
+13 12

fl=(71)
fn=(242)
25 2
+1 8
+1 2

fl=(128)
fn=(452)
76 11
+3 11
+2 11
+10 11
+6 11
+1 11
+1 11
+1 11
+1 11
+1 11
+1 11
+4 11
+1 11
+3 11
+1 11
+2 11
+1 11
+1 11
+1 11
+1 11
+1 11
+2 11
+7 11
+1 11
+1 11
cfi=(129)
cfn=(454)
calls=11 -84 
* 7541
+1 11
+5 11
+1 11
+1 11
+2 11
+1 11
+1 11
+1 11
+1 11
+1 11
+1 11
+2 11
+2 11
+4 11
+2 11

fl=(25)
fn=(274)
66 1
fi=(193) ./elf/../include/list.h
-22 1
fe=(25)
+22 1
fi=(193)
-23 1
fe=(25)
+24 1
+3 1
fi=(193)
-27 1
+1 1
+1 1
+2 1
fe=(25)
+26 4
+1 2
+1 1
+5 2
+5 1
+6 1
-3 1
+3 1
-6 3
+6 1
+13 3
fi=(75) ./elf/../sysdeps/unix/sysv/linux/rseq-internal.h
-50 1
fe=(25)
+50 1
cfi=(11)
cfn=(28)
calls=1 408 
* 19
fi=(75)
-63 3
+9 2
+4 2
-4 2
+4 3
+2 2
+3 1
fe=(25)
+56 1
+7 1
-7 1
+7 1
+1 3

fn=(72)
51 2
+3 8
+5 1
-5 1
+5 1
+1 1
-6 1
+8 1

fn=(92)
44 16

fl=(115)
fn=(466)
117 4
+5 1

fn=(404)
117 16
+5 4

fl=(16)
fn=(432)
39 3
+32 2

fn=(36)
39 3
+2 1
cfi=(17)
cfn=(38)
calls=1 399 
* 7243

fl=(14)
fn=(30)
24 2
fi=(15) ./elf/../sysdeps/unix/sysv/linux/brk.c
+13 1
+1 2
+6 1
+1 1
fe=(14)

fl=(122)
fn=(434)
29 2
-2 1
+6 3
-6 1
+6 3
-6 1
+6 1
cfi=(121)
cfn=(428)
calls=1 +41 
* 230
+4 2
+2 4
+2 1
-1 1
+1 2
-1 1
cob=(3)
cfi=(123) ./elf/./elf/libc_early_init.c
cfn=(436) __libc_early_init
calls=1 -7 
* 1080

fl=(41)
fn=(122)
25 45
+1 45
+4 36
+4 48
+1 12
-1 24
+2 24
+5 27
cfi=(42)
cfn=(124)
calls=9 -8 
* 207
+4 18
-3 18
+1 6
+3 6
+1 42
-20 6
+20 18
-4 6
cfi=(23)
cfn=(66)
calls=3 +58 
* 48
* 3
+3 3
-3 6

fn=(120)
51 24
+3 16
cfn=(122)
calls=8 -29 
* 229
* 12
cfn=(122)
calls=6 -29 
* 408
* 28
+2 9
+1 27
+1 30
cfn=(126) _dl_hwcaps_contains
calls=3 +9 
* 12
* 6
+4 16

fn=(126)
67 6
+1 3
+9 3

ob=(2)
fl=(51)
fn=(474)
0 6

fn=(506) 0x0000000000109000
0 6

fn=(564) 0x000000000486a368
0 3
cob=(3)
cfi=(154)
cfn=(566)
calls=3 3281 
0 1940

ob=(3)
fl=(173)
fn=(646) _dl_catch_exception
175 28
+5 14
-5 84
+5 28
-2 28
+21 14
+7 28
-7 14
+1 28
+3 28
+3 14
cfi=(142) ./setjmp/../sysdeps/x86_64/setjmp.S
cfn=(526) __sigsetjmp
calls=14 32 
* 364
* 28
+2 42
cfi=(170)
cfn=(648) dlsym_doit
calls=14 37 
* 8912
+1 28
+1 14
-1 14
+1 42
-25 14
+34 84

fn=(644)
225 168
+2 28
cfn=(646)
calls=14 -52 
* 9850
+1 28
+1 14
+1 14
-1 14
+1 14
+2 112

fl=(100)
fn=(346)
38 5
+6 1

fl=(184)
fn=(700)
144 1
+1 1
+2 1
+1 1
+21 1
+1 1
+1 1
+1 1
+1 1
+1 1
+18 1
+1 1
+1 1
+1 1
+1 1
+1 1
+1 1
1706 1
+6 1
+1 1
+8 1
+1 1

fl=(172) ./dlfcn/./dlfcn/dlerror.c
fn=(640) _dlerror_run
113 112
+1 14
-1 42
+1 14
+1 28
+6 14
+17 56
cob=(1)
cfi=(52)
cfn=(642)
calls=14 260 
* 10270
+7 14
-2 14
-5 14
+7 28
+53 140
-47 28
+5 28

fl=(80)
fn=(298)
61 1
+3 3
+2 1
+1 1
-1 2
+7 3
+2 1
+1 1
-1 2
+5 2
+2 2
+1 2
+1 2
+2 2
fi=(81) ./string/../sysdeps/x86/cacheinfo.c
* 2
fe=(80)

fl=(88)
fn=(316)
57 3
-1 2
+4 3
+14 2
+29 2
+10 4
fi=(194) ./string/../sysdeps/x86_64/multiarch/memcpy.c
-84 1
fe=(88)
+79 3

fn=(394)
57 3
-1 2
+4 3
+14 2
+29 2
+10 4
fi=(195) ./string/../sysdeps/x86_64/multiarch/mempcpy.c
-80 1
fe=(88)
+75 3

fn=(386)
57 3
-1 2
+4 3
+14 2
+29 2
+10 4
fi=(196) ./string/../sysdeps/x86_64/multiarch/memmove.c
-84 1
fe=(88)
+79 3

fl=(104)
fn=(356)
36 10
fi=(105) ./wcsmbs/../sysdeps/x86_64/multiarch/wmemset.c
-5 2
fe=(104)

fl=(110)
fn=(380)
34 5
fi=(111) ./wcsmbs/../sysdeps/x86_64/multiarch/wmemcmp.c
-5 2
fe=(110)

fl=(145)
fn=(540)
28 22
+4 2
+1 4
-1 4
+1 2
-1 2
+1 2
-1 2
+1 2
-1 2
+1 4
cfi=(146) ./stdio-common/./stdio-common/vfprintf-internal.c
cfn=(542) __vfprintf_internal
calls=2 684 
* 5434
+4 10

fl=(152) ./io/../sysdeps/unix/sysv/linux/fstat64.c
fn=(560) fstat
29 1
+1 2
+5 3
cfi=(153) ./io/../sysdeps/unix/sysv/linux/fstatat64.c
cfn=(562) fstatat
calls=1 154 
* 7

fl=(96)
fn=(336)
38 10
-1 4
fi=(97) ./wcsmbs/../sysdeps/x86_64/multiarch/wmemchr.c
-6 2
fe=(96)

fl=(133)
fn=(484)
46 3
+5 2
+4 5
+8 1
-2 1
+10 1
-9 1
+1 1
+9 2
-1 1
cfi=(134) ./misc/./misc/init-misc.c
cfn=(486) __init_misc
calls=1 -40 
* 48

fl=(140) ./csu/../sysdeps/nptl/libc_start_call_main.h
fn=(522) (below main)
29 2
+15 1
-15 5
+15 1
cfi=(141) ./setjmp/../sysdeps/x86_64/bsd-_setjmp.S
cfn=(524) _setjmp
calls=1 -14 
* 28
+2 2
+5 2
+1 2
+3 2
+3 6
cob=(5)
cfi=(144)
cfn=(530)
calls=1 +9 
* 27212

fl=(147) ./string/../sysdeps/x86_64/multiarch/strchr-sse2.S
fn=(546) __strchrnul_sse2
33 8
+1 8
+1 8
+1 8
+1 8
+1 8
+1 8
+1 8
+1 8
+1 8
+1 8
+1 8
+1 8
+1 8
+1 8
+1 8
+1 8
+1 6
+2 6
+7 6
+4 2
+1 2
+1 2
+1 2
+1 2
+1 2
+1 2
+1 2
+1 2
+1 2
+1 2
+1 2
+1 2
+1 2
+1 2
+1 2
+1 2
+1 2
+1 2
+1 2
+1 2
+1 2
+1 2
+1 2
+52 2
+2 2
+7 2

fl=(138)
fn=(498)
242 11
+69 3
+1 3
cfi=(139) ./stdlib/./stdlib/cxa_atexit.c
cfn=(500) __cxa_atexit
calls=1 70 
* 70
+25 6
+6 2
-3 2
+10 2
cob=(1)
cfi=(49)
cfn=(520)
calls=1 119 
* 4
cob=(1)
cfi=(128)
cfn=(452)
calls=1 76 
* 809
* 5
+2 2
+8 4
cfi=(140)
cfn=(522)
calls=1 29 
* 27263
128 2
+6 3
+1 6
cob=(2)
cfi=(51)
cfn=(506)
calls=1 0 
* 6
+3 1
+1 2
+3 2
+1 2
-1 1
+2 7
+1 4
cob=(5)
cfi=(137)
cfn=(510)
calls=1 0 
* 12
-1 4

fl=(164) ./string/../sysdeps/x86_64/multiarch/memmove-vec-unaligned-erms.S
fn=(608) __mempcpy_sse2_unaligned
206 14
+1 14
+1 14
+17 14
+1 14
+2 4
+1 4
+1 4
+2 4
+1 4
+1 4
+4 4
+78 10
+1 10
+2 7
+4 7
+1 4
+1 4
+1 4
+1 4
+1 2
+1 2
+2 2
+2 2
-2 2
+2 2
+6 3
+1 3
+1 3
+1 3
+1 3
+29 3
+1 3
+1 3
+1 3
+1 3

fn=(610) memcpy@GLIBC_2.2.5
219 2
+6 2
+1 2
+90 2
+1 2
+2 2
+4 2
+16 2
+1 2
+1 2
+1 2
+1 2

fl=(188)
fn=(746)
71 2
+1 2
+22 2
+1 2
+2 2
+1 2
+13 2
+1 2
+1 2
+1 2
+1 2
+1 2
+1 2
+1 2
+2 2
+1 2
+1 2
+1 2

fl=(91)
fn=(322)
43 2
+1 1
-1 2
-1 2
+17 4
+6 1

fl=(98)
fn=(340)
44 4
-1 2
+17 3
+1 3
+6 2

fl=(99)
fn=(396)
37 4
-1 2
+17 3
+3 3
fi=(197) ./string/../sysdeps/x86_64/multiarch/strncase.c
-25 2
fe=(99)

fn=(350)
37 4
-1 2
+17 3
+3 3
fi=(198) ./string/../sysdeps/x86_64/multiarch/strncase_l.c
-25 2
fe=(99)

fn=(342)
37 4
-1 2
+17 3
+3 3
fi=(199) ./string/../sysdeps/x86_64/multiarch/strcasecmp.c
-25 2
fe=(99)

fn=(370)
37 4
-1 2
+17 3
+3 3
fi=(200) ./string/../sysdeps/x86_64/multiarch/strcasecmp_l.c
-25 2
fe=(99)

fl=(82)
fn=(364)
40 5
-2 2
fi=(107) ./string/../sysdeps/x86_64/multiarch/strchrnul.c
-7 2
fe=(82)

fn=(324)
40 5
-2 2
fi=(92) ./string/../sysdeps/x86_64/multiarch/strrchr.c
-10 2
fe=(82)

fn=(360)
40 5
-2 2
fi=(106) ./string/../sysdeps/x86_64/multiarch/memrchr.c
-9 2
fe=(82)

fn=(372)
40 10
-2 4
fi=(108) ./string/../sysdeps/x86_64/multiarch/strlen.c
-9 4
fe=(82)

fn=(302)
40 10
-2 4
fi=(83) ./string/../sysdeps/x86_64/multiarch/strnlen.c
-7 4
fe=(82)

fl=(143) ./setjmp/./setjmp/sigjmp.c
fn=(528) __sigjmp_save
28 30
+2 30
-1 15
+5 45

fl=(102)
fn=(352)
34 10
fi=(103) ./string/../sysdeps/x86_64/multiarch/memcmp.c
-5 4
fe=(102)

fl=(159) ./misc/../sysdeps/unix/sysv/linux/brk_call.h
fn=(586) brk
24 4
fi=(160) ./misc/../sysdeps/unix/sysv/linux/brk.c
+13 4
+1 4
+6 2
+1 2
fe=(159)

fl=(150) ./libio/./libio/genops.c
fn=(554) _IO_doallocbuf
344 2
-1 3
+3 4
+1 1
fi=(161) ./libio/./libio/libioP.h
940 3
+2 2
+1 2
fe=(150)
347 2
cfi=(151) ./libio/./libio/filedoalloc.c
cfn=(556) _IO_file_doallocate
calls=1 78 
* 1837
* 2
+3 4

fn=(596) _IO_default_xsputn
371 9
+3 2
fi=(161)
940 7
fe=(150)
399 17
fi=(161)
942 10
+1 10
fe=(150)
399 20
cfi=(149) ./libio/./libio/fileops.c
cfn=(552) _IO_file_overflow@@GLIBC_2.2.5
calls=5 731 
* 165
* 10
+2 5
-2 5
-20 24
-4 1
+29 8

fn=(592) _IO_setb
329 9
+1 4
+5 2
-3 1
+3 2
-2 1
+2 2
+3 6

fn=(716) __overflow
199 2
+2 3
+2 1
fi=(161)
940 3
+2 2
+1 2
fe=(150)
203 1
+1 2
-1 1
cfi=(149)
cfn=(552)
calls=1 731 
* 150

fl=(166) ./stdio-common/./stdio-common/_itoa.c
fn=(616) _itoa_word
166 6
-3 2
+3 2
+2 4
+9 2
-9 4
+9 56
+9 4

fl=(174) ./elf/./elf/dl-sym.c
fn=(650) _dl_sym
195 42
cfn=(652) do_sym
calls=14 87 
* 8744

fn=(652)
87 182
+1 14
+7 28
+34 28
+28 42
+5 14
51 28
162 28
+6 84
+2 14
fi=(175) ./elf/./dl-sym-post.h
41 28
+12 56
+7 14
fe=(174)
174 154
-28 98
cob=(1)
cfi=(77)
cfn=(286)
calls=14 756 
* 6304
* 56
fi=(175)
24 28
cob=(1)
cfi=(176)
cfn=(660)
calls=14 214 
* 406
cob=(1)
cfi=(128)
cfn=(452)
calls=1 +52 
* 840
* 18
* 14
fe=(174)
133 14
fi=(175)
25 28
fe=(174)
133 28
-46 28
+56 56
+3 56
-10 28
+1 28

fl=(156) ./stdlib/../sysdeps/unix/sysv/linux/getrandom.c
fn=(572) getrandom
29 6
+1 1

fl=(125) ./resource/../sysdeps/unix/sysv/linux/getrlimit64.c
fn=(440) getrlimit
38 1
+1 7
+1 1

fl=(163)
fn=(604)
101 9
+1 9
+1 9
+1 9
+1 9
+1 9
+1 9
+2 9
+2 9
+31 9
+1 9
+1 9
+1 9
+1 9
+1 7
+2 7
+4 2
+1 2
+1 2
+1 2
+1 2
+1 2
+1 2
+1 2
+1 2
+1 2
+1 2
+1 2
+5 16

fl=(84)
fn=(344)
36 5
fi=(201) ./string/../sysdeps/x86_64/multiarch/strcspn.c
-7 1
fe=(84)

fn=(306)
36 5
fi=(202) ./string/../sysdeps/x86_64/multiarch/strpbrk.c
-7 1
fe=(84)

fn=(392)
36 5
fi=(203) ./string/../sysdeps/x86_64/multiarch/strspn.c
-7 1
fe=(84)

fl=(112)
fn=(388)
38 5
-1 2
fi=(113) ./string/../sysdeps/x86_64/multiarch/memchr.c
-8 1
fe=(112)

fn=(398)
38 5
-1 2
fi=(114) ./string/../sysdeps/x86_64/multiarch/rawmemchr.c
-6 1
fe=(112)

fl=(157) ./malloc/./malloc/morecore.c
fn=(582) __glibc_morecore
26 4
-1 2
+4 2
cfi=(158) ./misc/./misc/sbrk.c
cfn=(584) sbrk
calls=2 +8 
* 62
+1 4
+4 4

fl=(139)
fn=(500)
70 2
cfn=(502) __internal_atexit
calls=1 -34 
* 68

fn=(504) __new_exitfn
88 2
-6 4
+11 1
-10 1
+10 4
+2 4
-2 1
+10 1
-10 3
+45 1
+5 1
-4 1
+4 4
-18 1
-1 1
+12 1

fn=(502)
36 5
+5 2
+2 8
+1 2
cfn=(504)
calls=1 +44 
* 31
+2 2
+10 1
-3 1
+4 1
+1 1
-5 2
+2 1
+4 4
+1 1
+1 6

fl=(130) ./nptl/../sysdeps/unix/sysv/linux/x86/elision-conf.c
fn=(458) __lll_elision_init
96 1
+5 1
-5 1
+5 1
-5 3
+5 3
cob=(1)
cfi=(11)
cfn=(28)
calls=1 408 
* 19
* 1
+2 4
cob=(1)
cfi=(11)
cfn=(28)
calls=1 408 
* 19
* 1
+2 4
cob=(1)
cfi=(11)
cfn=(28)
calls=1 408 
* 19
* 1
+2 4
cob=(1)
cfi=(11)
cfn=(28)
calls=1 408 
* 19
* 1
+2 4
cob=(1)
cfi=(11)
cfn=(28)
calls=1 408 
* 19
* 1
+4 3
+1 1
+1 6

fl=(89)
fn=(318)
40 10
-2 4
fi=(90) ./wcsmbs/../sysdeps/x86_64/multiarch/wcschr.c
-7 4
fe=(89)

fn=(328)
40 5
-2 2
fi=(93) ./wcsmbs/../sysdeps/x86_64/multiarch/wcscmp.c
-8 2
fe=(89)

fl=(148) ./nptl/./nptl/libc-cleanup.c
fn=(548) __libc_cleanup_push_defer
25 2
+2 4
+2 4
+3 4
+14 6
+2 2
+1 2

fn=(626) __libc_cleanup_pop_restore
55 2
+2 4
+2 2
+1 6
+11 2

fl=(136)
fn=(492)
84 4
+1 3
+1 3
+2 1

fl=(127) ./nptl/./nptl/pthread_mutex_conf.c
fn=(444) __pthread_tunables_init
50 1
+1 2
-1 4
+1 3
cob=(1)
cfi=(11)
cfn=(28)
calls=1 408 
* 19
cob=(1)
cfi=(128)
cfn=(452)
calls=1 +25 
* 804
* 5
+2 4
cob=(1)
cfi=(11)
cfn=(28)
calls=1 408 
* 20
* 1
+2 6

fl=(181)
fn=(684)
40 8
+1 2
cfi=(163)
cfn=(604)
calls=2 +60 
* 32
* 2
* 2
+1 4
cob=(2)
cfi=(51)
cfn=(564)
calls=2 -42 
* 210
+2 4
+4 2
-1 6
+1 4
-1 2
cfi=(164)
cfn=(610)
calls=2 219 
* 24
* 2

fl=(154)
fn=(566)
3281 60
+7 24
1338 22
+19 57
3298 18
+2 48
+3 22
+10 18
+28 45
3235 4
cfn=(576) tcache_init.part.0
calls=1 -6 
* 461
+68 2
+1 4
+1 36
3187 6
+1 6
+2 3
+1 3
-1 9
+1 3
+1 3
3341 15
-26 36
cfn=(578) _int_malloc
calls=9 1338 
* 1154
+1 45
fi=(155) ./malloc/./malloc/arena.c
162 18
315 1
cfn=(570) ptmalloc_init.part.0
calls=1 -2 
* 1102
fe=(154)
1338 2

fn=(576)
3229 3
+9 8
+1 3
cfn=(578)
calls=1 1338 
* 346
* 1
+1 2
+8 4
+9 1
+1 2
-1 1
+1 86
+3 4

fn=(580) sysmalloc
2542 9
+20 4
+11 2
+1 2
-11 1
+37 1
+11 1
-10 3
+1 1
+9 4
+6 3
+3 3
2935 2
+1 1
+5 2
+3 2
+5 2
-2 1
+2 1
-1 1
+1 1
-3 1
+3 1
+1 1
-1 3
+1 1
+2 1
+6 11
2681 2
+9 4
+13 3
+8 5
+8 2
+39 2
+2 3
+6 2
-45 4
cfi=(157)
cfn=(582)
calls=1 26 
* 53
+1 2
-1 1
+1 1
2022 1
2723 1
2022 4
2604 2
2769 4
+40 3
+22 2
+1 1
-1 1
+1 6
+2 2
+1 4
cfi=(157)
cfn=(582)
calls=1 26 
* 25
+12 3
-12 1
+12 1
2022 4
2891 4
-1 1
-1 1
+1 3
+1 1
+11 2
2759 2
2034 3

fn=(578)
1338 20
3766 80
1357 10
3766 10
1357 28
3807 16
+27 16
+2 24
+3 4
+2 8
+56 8
+62 5
+1 3
+20 10
-1 10
-1 10
+1 20
+1 38
+4 9
+6 36
-6 1
+6 4
3807 4
+27 4
+66 9
+2 9
-2 9
+2 18
-68 6
1357 2
3839 4
+2 31
4409 90
4179 20
+2 2
+3 1
-3 1
+3 2
+68 10
+1 10
+1 10
-1 10
+1 10
+1 20
+1 30
+5 20
3899 9
4140 20
4268 104
-3 108
4365 10
+1 20
+2 20
+3 31
+17 3
+17 40
cfn=(590) alloc_perturb
calls=10 1999 
* 40
* 20
-2 3
cfn=(580)
calls=1 2542 
* 232
* 1
+1 2
-28 9
-2 9
+2 9
-1 9
+1 9
-3 9
+8 9
-5 9
+2 9
-2 36
+2 9
+4 9

fn=(708) _int_free
4417 32
+10 4
-10 12
+10 8
+6 20
+1 8
+4 20
+8 20
-1 8
+1 8
+9 4
+9 4
-15 4
+6 8
+20 16
4698 44
3177 4
+2 4
-4 4
+2 12
+1 4
+1 4
4478 4

fn=(590)
1999 30
+2 10

fn=(704)
3350 10
-4 4
+14 4
-14 8
+12 4
+4 4
-4 4
+4 8
+17 12
fi=(155)
162 12
fe=(154)
3385 8
cfn=(708)
calls=4 4417 
* 256
+3 4
+1 16

fl=(170)
fn=(636)
64 42
+1 84
-13 14
+16 14
-20 14
+1 14
+3 14
-5 14
+5 14
cfi=(171) ./nptl/./nptl/pthread_mutex_lock.c
cfn=(638) pthread_mutex_lock@@GLIBC_2.2.5
calls=14 +28 
* 546
+2 42
cfi=(172)
cfn=(640)
calls=14 +59 
* 10816
* 42
+2 28
cfi=(177) ./nptl/./nptl/pthread_mutex_unlock.c
cfn=(662) pthread_mutex_unlock@@GLIBC_2.2.5
calls=14 368 
* 490
+13 112

fn=(648)
37 28
+3 56
cfi=(174)
cfn=(650)
calls=14 195 
* 8786
* 14
+1 28

fl=(177)
fn=(662)
368 28
cfn=(664) __pthread_mutex_unlock_usercnt
calls=14 51 
* 462

fn=(664)
51 42
+1 28
-4 14
+9 28
+5 14
+1 28
+2 14
-26 14
+1 56
+1 14
+31 14
+32 28
-30 28
+6 56
+4 42
+3 42

fl=(141)
fn=(524)
30 1
+2 1
cfi=(142)
cfn=(526)
calls=1 * 
* 26

fl=(186)
fn=(714)
33 7
+2 1
cfi=(163)
cfn=(604)
calls=1 +66 
* 34
* 1
+1 1
-1 1
+1 12
+3 1
-3 1
+3 1
-3 1
+3 2
-1 2
+2 1
fi=(161)
940 3
+2 2
+1 2
fe=(186)
40 3
cfi=(149)
cfn=(550) _IO_file_xsputn@@GLIBC_2.2.5
calls=1 1204 
* 225
* 2
+1 4
+1 4
fi=(161)
883 2
+1 10
fe=(186)
46 7
-5 2
cfi=(150)
cfn=(716)
calls=1 199 
* 167
* 2

fl=(87)
fn=(312)
54 10
+3 6
+7 4
+9 4
+30 8
fi=(204) ./string/../sysdeps/x86_64/multiarch/memset.c
-74 2
fe=(87)

fl=(158)
fn=(584)
37 2
+3 2
+3 2
-6 6
+3 2
+3 2
+35 5
-20 4
+1 2
cfi=(159)
cfn=(586)
calls=1 -35 
* 8
* 2
+4 1
-1 4
+4 4
+8 1
cfi=(159)
cfn=(586)
calls=1 -50 
* 8
* 2
+4 5

fl=(167) ./io/../sysdeps/unix/sysv/linux/write.c
fn=(624) write
26 24
+1 4

fl=(135) ./string/../sysdeps/x86_64/multiarch/strrchr-sse2.S
fn=(490) __strrchr_sse2
46 1
+1 1
+1 1
+2 1
+1 1
+2 1
+1 1
+1 1
+3 1
+1 1
+1 1
+1 1
+1 1
+1 1
+2 1
+1 1
+1 1
+1 1
+1 1
+1 1
+1 1
+1 1
+8 1

fl=(123)
fn=(436)
33 6
+2 1
cfi=(124) ./ctype/./ctype/ctype-info.c
cfn=(438) __ctype_init
calls=1 -4 
* 16
+3 1
fi=(126) ./elf/../sysdeps/nptl/pthread_early_init.h
-5 2
fe=(123)
+8 1
-3 1
+3 1
fi=(126)
-8 1
cfi=(125)
cfn=(440)
calls=1 +5 
* 9
* 3
+1 1
+4 5
+7 1
fi=(205) ./elf/../nptl/nptl-stack.h
+13 3
fi=(126)
-13 1
fi=(205)
+13 2
fi=(126)
-4 1
fi=(205)
+4 3
fi=(126)
-6 1
-6 1
+6 6
+1 1
+4 1
cfi=(127)
cfn=(444)
calls=1 -7 
* 869
fe=(123)
-10 3
+2 2
-2 1
cfi=(130)
cfn=(458)
calls=1 +49 
* 136

fl=(94)
fn=(332)
35 5
fi=(95) ./string/../sysdeps/x86_64/multiarch/stpncpy.c
-4 1
fe=(94)

fn=(376)
35 5
fi=(109) ./string/../sysdeps/x86_64/multiarch/strncpy.c
-6 1
fe=(94)

fl=(101)
fn=(368)
38 2
+1 1
-1 2
+16 4
fi=(206) ./string/../sysdeps/x86_64/multiarch/strcpy.c
-25 1
fe=(101)

fn=(384)
38 2
+1 1
-1 2
+16 4
fi=(207) ./string/../sysdeps/x86_64/multiarch/stpcpy.c
-21 1
fe=(101)

fn=(348)
38 2
+1 1
-1 2
+16 4
fi=(208) ./string/../sysdeps/x86_64/multiarch/strcat.c
-25 1
fe=(101)

fl=(142)
fn=(526)
32 15
+9 15
+1 30
+1 15
+4 15
+1 15
+1 15
+1 15
+1 15
+2 30
+2 15
+1 15
+3 30
+2 15
+23 15
cfi=(143)
cfn=(528)
calls=15 -56 
* 120

fl=(149)
fn=(558) _IO_file_stat
1147 2
cfi=(152)
cfn=(560)
calls=1 29 
* 13

fn=(622) _IO_file_write@@GLIBC_2.2.5
1173 24
+2 16
-1 8
+6 4
cfi=(167)
cfn=(624)
calls=4 26 
* 28
+1 8
+5 4
+1 4
-12 8
+4 12
+1 8
+10 12
+3 24
-4 12

fn=(618) new_do_write
431 4
fi=(161)
940 4
+2 4
fe=(149)
431 4
fi=(161)
940 4
fe=(149)
431 8
fi=(161)
940 4
fe=(149)
431 24
+12 4
-10 8
fi=(161)
942 8
+1 8
fe=(149)
448 16
cfn=(622)
calls=4 1173 
* 172
+1 4
-1 4
+1 16
+2 4
+4 8
-3 8
-1 8
+4 8
-2 4
+4 36
-17 16
+14 8

fn=(550)
1204 15
-1 30
-6 150
+13 15
+2 15
-2 45
+17 3
+1 11
+5 11
+2 11
+2 33
-2 11
cfi=(164)
cfn=(608)
calls=11 206 
* 154
* 11
-2 3
+2 3
+2 9
-2 3
cfi=(164)
cfn=(608)
calls=3 206 
* 36
* 3
+1 14
+1 14
-2 14
+4 28
+27 22
+1 96
-55 14
+4 14
-4 14
+1 28
+3 218
+2 294
+2 3
+11 9
-32 1
+44 1
fi=(161)
940 3
+2 2
+1 2
fe=(149)
1243 3
fi=(161)
940 9
+2 6
+1 6
fe=(149)
1243 12
cfn=(552)
calls=4 731 
* 2316
* 8
+6 8
+1 16
+2 4
-2 4
+2 8
+11 8
+1 4
cfi=(150)
cfn=(596)
calls=1 371 
* 293
+2 3
+1 3
-15 3
+15 21
-10 6

fn=(594) _IO_do_write@@GLIBC_2.2.5
425 11
+1 1
-3 8
+2 4
cfn=(618)
calls=4 +6 
* 396
* 4
+1 4
-1 12
+1 4

fn=(552)
731 30
+1 10
-1 10
+1 20
+7 58
+37 9
-2 18
+3 12
+3 18
+1 18
+1 24
+4 6
+1 24
-45 2
+12 2
+9 3
+5 3
+2 2
-5 1
+5 1
+1 1
-5 1
+1 1
+4 4
+1 1
+2 2
+2 4
-1 4
+12 12
-11 4
-1 4
cfn=(594)
calls=4 425 
* 334
+9 2
-1 1
+1 1
-1 1
cfn=(594)
calls=1 425 
* 110
* 2
-39 2
cfi=(150)
cfn=(554)
calls=1 344 
* 1862
+1 1
+9 1
-9 5

fl=(153)
fn=(562)
154 1
-55 2
+70 3
+1 1

fl=(85)
fn=(308)
48 4
+1 2
-1 4
-1 4
+17 6
+3 4
+12 2

fl=(86)
fn=(314)
41 4
-1 2
+17 4
fi=(209) ./wcsmbs/../sysdeps/x86_64/multiarch/wcslen.c
-28 1
fe=(86)

fn=(310)
41 4
-1 2
+17 4
fi=(210) ./wcsmbs/../sysdeps/x86_64/multiarch/wcsnlen.c
-27 1
fe=(86)

fl=(134)
fn=(486)
31 2
-1 4
+1 3
+2 3
cfi=(135)
cfn=(490)
calls=1 +13 
* 23
* 1
+4 5
+1 3
+2 4

fl=(171)
fn=(638)
80 42
+4 28
-7 28
+11 28
+91 14
+5 14
-2 14
-58 14
+66 42
-93 28
+11 56
+4 14
+3 28
-71 14
+1 98
+1 14
+84 42
+1 28

fl=(155)
fn=(570)
313 1
fi=(154)
3156 3
fe=(155)
313 5
+5 1
fi=(154)
3156 2
cfi=(156)
cfn=(572)
calls=1 29 
* 7
* 2
fe=(155)
343 2
+4 3
fi=(154)
1960 4
+3 1
-3 1
+3 2
-3 2
+3 126
-3 126
+3 252
-3 252
fe=(155)
352 3
fi=(154)
1971 1
+1 1
+2 1
fe=(155)
352 1
cob=(1)
cfi=(11)
cfn=(28)
calls=1 +56 
* 20
* 1
+1 4
cob=(1)
cfi=(11)
cfn=(28)
calls=1 +55 
* 19
* 1
+1 4
cob=(1)
cfi=(11)
cfn=(28)
calls=1 +54 
* 20
* 1
+1 4
cob=(1)
cfi=(11)
cfn=(28)
calls=1 +53 
* 20
* 1
+1 4
cob=(1)
cfi=(11)
cfn=(28)
calls=1 +52 
* 19
* 1
+1 4
cob=(1)
cfi=(11)
cfn=(28)
calls=1 +51 
* 20
* 1
+1 4
cob=(1)
cfi=(11)
cfn=(28)
calls=1 +50 
* 20
* 1
+2 4
cob=(1)
cfi=(11)
cfn=(28)
calls=1 +48 
* 20
* 1
+1 4
cob=(1)
cfi=(11)
cfn=(28)
calls=1 +47 
* 20
* 1
+1 4
cob=(1)
cfi=(11)
cfn=(28)
calls=1 +46 
* 20
* 1
+3 4
cob=(1)
cfi=(11)
cfn=(28)
calls=1 +43 
* 20
* 1
+1 4
cob=(1)
cfi=(11)
cfn=(28)
calls=1 +42 
* 20
* 1
+1 2
+63 7

fl=(151)
fn=(556)
78 8
+6 4
fi=(161)
940 3
+2 2
+1 2
fe=(151)
84 3
cfi=(149)
cfn=(558)
calls=1 1147 
* 15
* 2
+2 4
+11 4
+4 2
cob=(2)
cfi=(51)
cfn=(564)
calls=1 0 
* 1733
* 1
+1 2
+2 4
cfi=(150)
cfn=(592)
calls=1 329 
* 27
+1 1
+1 8
-15 1
fi=(211) ./libio/../include/sys/sysmacros.h
-44 6
fe=(151)
+44 1
-2 2
+5 2

fl=(124)
fn=(438)
31 7
+2 4
+2 4
+1 1

fl=(146)
fn=(542)
684 22
+30 10
+8 7
+4 10
+11 4
+11 2
fi=(212) ./stdio-common/./stdio-common/printf-parse.h
82 4
fe=(146)
748 6
fi=(212)
82 2
cfi=(147)
cfn=(546)
calls=2 -49 
* 40
* 2
fe=(146)
763 4
fi=(212)
82 2
fe=(146)
759 2
+4 4
+4 4
fi=(165) ./stdio-common/../libio/libioP.h
940 2
fe=(146)
239 2
767 2
fi=(165)
940 8
+2 4
+1 4
fe=(146)
239 8
cfi=(149)
cfn=(550)
calls=2 1204 
* 2359
* 4
127 18
767 4
+4 6
+4 14
-57 2
+57 2
-23 2
-8 4
+73 36
1111 4
+1 4
+3 24
-4 18
817 18
-7 6
+7 6
-11 6
-1 6
-2 6
+14 6
-13 6
-2 6
-3 6
+18 12
-19 6
+9 6
-10 6
+20 6
-21 6
-1 6
+22 6
-6 12
-89 2
+41 8
cfi=(148)
cfn=(548)
calls=2 25 
* 24
+1 26
-1 4
1112 4
cfi=(148)
cfn=(626)
calls=2 55 
* 16
+2 2
-22 6
fi=(212)
82 6
fe=(146)
1086 6
+6 6
fi=(212)
82 12
cfi=(147)
cfn=(546)
calls=6 -49 
* 168
* 6
fi=(165)
942 6
+1 6
fe=(146)
1096 6
-4 6
fi=(212)
82 6
fe=(146)
239 6
1096 6
fi=(165)
942 12
+1 12
fe=(146)
239 24
cfi=(149)
cfn=(550)
calls=6 1204 
* 906
* 12
127 78
1096 12
+2 14
fi=(162) ./stdio-common/./stdio-common/vfprintf-process-arg.c
382 16
+10 8
+27 12
+10 8
-66 32
+5 8
144 4
+20 22
cfi=(166)
cfn=(616)
calls=2 +2 
* 80
+2 4
-2 2
+2 8
+18 4
-15 10
+9 4
+2 2
-2 6
+2 4
+2 6
+2 6
+4 10
+3 4
+13 4
+6 2
fe=(146)
-18 4
+47 2
fi=(165)
942 2
+1 2
-1 4
+1 4
fe=(146)
239 8
cfi=(149)
cfn=(550)
calls=2 1204 
* 150
* 4
127 26
fi=(162)
+86 4
48 2
+1 2
-1 4
+2 4
+8 4
-1 2
+1 2
-23 4
174 18
-80 4
fe=(146)
+98 4
fi=(162)
+2 4
fe=(146)
+45 4
fi=(165)
942 4
+1 4
-1 8
+1 8
fe=(146)
239 16
cfi=(149)
cfn=(550)
calls=4 1204 
* 464
* 8
127 52
fi=(162)
397 8
cfi=(163)
cfn=(604)
calls=4 101 
* 82
* 4
* 8
52 4
+1 16
382 12
fe=(146)

fl=(180)
fn=(674)
141 10
+5 2
+1 2
+3 2
+1 2
252 2
+1 2
+12 2
+3 2
+1 2
+12 2
+1 2
+13 2
+1 2
+2 2
+3 1
+3 2
+3 1
+1 1
+1 1
+1 1
+1 1
+1 1
+1 1
-6 6
+1 6
+1 6
+1 6
+1 6
+1 6
+1 6
+3 2
+1 2
+1 2
+1 2
+5 2

totals: 151349
